65,118811,2024-02-14 03:41:57.9017847,23,Info,Microsoft-Windows-Sysmon,Microsoft-Windows-Sysmon/Operational,3028,4412,DESKTOP-887GK2L,1,S-1-5-18,FileDelete (A file delete was detected),DESKTOP-887GK2L\CyberJunkie,,"ProcessID: 10672, ProcessGUID: 817bddf3-3684-65cc-2d02-000000001900",RuleName: Executables,"SHA1=BB91AE1F2F7142B9099E3CC285F4F5B84DE568E4,MD5=B158D8D605571EA47A238DF5AB43DFAA,SHA256=CA763693CC25D316F14A9EBAD80EBF00590329550C45ADB7E5205486533C2504,IMPHASH=8B52E108EA5F90B3A554E42291127487",TargetFilename: C:\Users\CYBERJ~1\AppData\Local\Temp\MSIC4FA.tmp,IsExecutable: True,Archived: true,C:\Users\CyberJunkie\Downloads\Preventivo24.02.14.exe.exe,False,C:\DFIR\Cases\unit42\Microsoft-Windows-Sysmon-Operational.evtx,Classic,0,"{""EventData"":{""Data"":[{""@Name"":""RuleName"",""#text"":""Executables""},{""@Name"":""UtcTime"",""#text"":""2024-02-14 03:41:57.889""},{""@Name"":""ProcessGuid"",""#text"":""817bddf3-3684-65cc-2d02-000000001900""},{""@Name"":""ProcessId"",""#text"":""10672""},{""@Name"":""User"",""#text"":""DESKTOP-887GK2L\\CyberJunkie""},{""@Name"":""Image"",""#text"":""C:\\Users\\CyberJunkie\\Downloads\\Preventivo24.02.14.exe.exe""},{""@Name"":""TargetFilename"",""#text"":""C:\\Users\\CYBERJ~1\\AppData\\Local\\Temp\\MSIC4FA.tmp""},{""@Name"":""Hashes"",""#text"":""SHA1=BB91AE1F2F7142B9099E3CC285F4F5B84DE568E4,MD5=B158D8D605571EA47A238DF5AB43DFAA,SHA256=CA763693CC25D316F14A9EBAD80EBF00590329550C45ADB7E5205486533C2504,IMPHASH=8B52E108EA5F90B3A554E42291127487""},{""@Name"":""IsExecutable"",""#text"":""True""},{""@Name"":""Archived"",""#text"":""true""}]}}"
66,118812,2024-02-14 03:41:57.9055360,13,Info,Microsoft-Windows-Sysmon,Microsoft-Windows-Sysmon/Operational,3028,4412,DESKTOP-887GK2L,1,S-1-5-18,RegistryEvent (Value Set),DESKTOP-887GK2L\CyberJunkie,,"ProcessID: 10672, ProcessGUID: 817bddf3-3684-65cc-2d02-000000001900","RuleName: technique_id=T1543,technique_name=Service Creation",Image: C:\Users\CyberJunkie\Downloads\Preventivo24.02.14.exe.exe,EventType: SetValue,TargetObject: HKLM\System\CurrentControlSet\Services\bam\State\UserSettings\S-1-5-21-3393683511-3463148672-371912004-1001\\Device\HarddiskVolume3\Windows\SysWOW64\msiexec.exe,Details: Binary Data,,False,C:\DFIR\Cases\unit42\Microsoft-Windows-Sysmon-Operational.evtx,Classic,0,"{""EventData"":{""Data"":[{""@Name"":""RuleName"",""#text"":""technique_id=T1543,technique_name=Service Creation""},{""@Name"":""EventType"",""#text"":""SetValue""},{""@Name"":""UtcTime"",""#text"":""2024-02-14 03:41:57.905""},{""@Name"":""ProcessGuid"",""#text"":""817bddf3-3684-65cc-2d02-000000001900""},{""@Name"":""ProcessId"",""#text"":""10672""},{""@Name"":""Image"",""#text"":""C:\\Users\\CyberJunkie\\Downloads\\Preventivo24.02.14.exe.exe""},{""@Name"":""TargetObject"",""#text"":""HKLM\\System\\CurrentControlSet\\Services\\bam\\State\\UserSettings\\S-1-5-21-3393683511-3463148672-371912004-1001\\\\Device\\HarddiskVolume3\\Windows\\SysWOW64\\msiexec.exe""},{""@Name"":""Details"",""#text"":""Binary Data""},{""@Name"":""User"",""#text"":""DESKTOP-887GK2L\\CyberJunkie""}]}}"
67,118813,2024-02-14 03:41:57.9059712,1,Info,Microsoft-Windows-Sysmon,Microsoft-Windows-Sysmon/Operational,3028,4412,DESKTOP-887GK2L,1,S-1-5-18,Process creation,DESKTOP-887GK2L\CyberJunkie,,"ProcessID: 10324, ProcessGUID: 817bddf3-3685-65cc-3002-000000001900","RuleName: technique_id=T1218,technique_name=Signed Binary Proxy Execution","SHA1=9AB9B12901E1EA2DF943B45AD20D8732618608CD,MD5=898277AC5894C4E1412A49040053B0D3,SHA256=445A2E800DC68DF89ABF713F3B4B632D40AE6310EF3660B42D974BB582426BC5,IMPHASH=E4E40938E4BF6C66424859ED02171C41",ParentProcess: C:\Users\CyberJunkie\Downloads\Preventivo24.02.14.exe.exe,"ParentProcessID: 10672, ParentProcessGUID: 817bddf3-3684-65cc-2d02-000000001900","ParentCommandLine: ""C:\Users\CyberJunkie\Downloads\Preventivo24.02.14.exe.exe"" ","""C:\Windows\system32\msiexec.exe"" /i ""C:\Users\CyberJunkie\AppData\Roaming\Photo and Fax Vn\Photo and vn 1.1.2\install\F97891C\main1.msi"" AI_SETUPEXEPATH=C:\Users\CyberJunkie\Downloads\Preventivo24.02.14.exe.exe SETUPEXEDIR=C:\Users\CyberJunkie\Downloads\ EXE_CMD_LINE=""/exenoupdates  /forcecleanup  /wintime 1707880560  "" AI_EUIMSI=""""",False,C:\DFIR\Cases\unit42\Microsoft-Windows-Sysmon-Operational.evtx,Classic,0,"{""EventData"":{""Data"":[{""@Name"":""RuleName"",""#text"":""technique_id=T1218,technique_name=Signed Binary Proxy Execution""},{""@Name"":""UtcTime"",""#text"":""2024-02-14 03:41:57.905""},{""@Name"":""ProcessGuid"",""#text"":""817bddf3-3685-65cc-3002-000000001900""},{""@Name"":""ProcessId"",""#text"":""10324""},{""@Name"":""Image"",""#text"":""C:\\Windows\\SysWOW64\\msiexec.exe""},{""@Name"":""FileVersion"",""#text"":""5.0.19041.3636 (WinBuild.160101.0800)""},{""@Name"":""Description"",""#text"":""Windows® installer""},{""@Name"":""Product"",""#text"":""Windows Installer - Unicode""},{""@Name"":""Company"",""#text"":""Microsoft Corporation""},{""@Name"":""OriginalFileName"",""#text"":""msiexec.exe""},{""@Name"":""CommandLine"",""#text"":""\""C:\\Windows\\system32\\msiexec.exe\"" /i \""C:\\Users\\CyberJunkie\\AppData\\Roaming\\Photo and Fax Vn\\Photo and vn 1.1.2\\install\\F97891C\\main1.msi\"" AI_SETUPEXEPATH=C:\\Users\\CyberJunkie\\Downloads\\Preventivo24.02.14.exe.exe SETUPEXEDIR=C:\\Users\\CyberJunkie\\Downloads\\ EXE_CMD_LINE=\""/exenoupdates  /forcecleanup  /wintime 1707880560  \"" AI_EUIMSI=\""\""""},{""@Name"":""CurrentDirectory"",""#text"":""C:\\Users\\CyberJunkie\\Downloads\\""},{""@Name"":""User"",""#text"":""DESKTOP-887GK2L\\CyberJunkie""},{""@Name"":""LogonGuid"",""#text"":""817bddf3-311e-65cc-a7ae-1b0000000000""},{""@Name"":""LogonId"",""#text"":""0x1BAEA7""},{""@Name"":""TerminalSessionId"",""#text"":""1""},{""@Name"":""IntegrityLevel"",""#text"":""Medium""},{""@Name"":""Hashes"",""#text"":""SHA1=9AB9B12901E1EA2DF943B45AD20D8732618608CD,MD5=898277AC5894C4E1412A49040053B0D3,SHA256=445A2E800DC68DF89ABF713F3B4B632D40AE6310EF3660B42D974BB582426BC5,IMPHASH=E4E40938E4BF6C66424859ED02171C41""},{""@Name"":""ParentProcessGuid"",""#text"":""817bddf3-3684-65cc-2d02-000000001900""},{""@Name"":""ParentProcessId"",""#text"":""10672""},{""@Name"":""ParentImage"",""#text"":""C:\\Users\\CyberJunkie\\Downloads\\Preventivo24.02.14.exe.exe""},{""@Name"":""ParentCommandLine"",""#text"":""\""C:\\Users\\CyberJunkie\\Downloads\\Preventivo24.02.14.exe.exe\"" ""},{""@Name"":""ParentUser"",""#text"":""DESKTOP-887GK2L\\CyberJunkie""}]}}"
68,118814,2024-02-14 03:41:57.9819129,12,Info,Microsoft-Windows-Sysmon,Microsoft-Windows-Sysmon/Operational,3028,4412,DESKTOP-887GK2L,1,S-1-5-18,RegistryEvent (Object create and delete),DESKTOP-887GK2L\CyberJunkie,,"ProcessID: 10324, ProcessGUID: 817bddf3-3685-65cc-3002-000000001900","RuleName: technique_id=T1553.004,technique_name=Install Root Certificate",Image: C:\Windows\SysWOW64\msiexec.exe,EventType: CreateKey,TargetObject: HKU\S-1-5-21-3393683511-3463148672-371912004-1001\Software\Microsoft\SystemCertificates\CA\Certificates,,,False,C:\DFIR\Cases\unit42\Microsoft-Windows-Sysmon-Operational.evtx,Classic,0,"{""EventData"":{""Data"":[{""@Name"":""RuleName"",""#text"":""technique_id=T1553.004,technique_name=Install Root Certificate""},{""@Name"":""EventType"",""#text"":""CreateKey""},{""@Name"":""UtcTime"",""#text"":""2024-02-14 03:41:57.967""},{""@Name"":""ProcessGuid"",""#text"":""817bddf3-3685-65cc-3002-000000001900""},{""@Name"":""ProcessId"",""#text"":""10324""},{""@Name"":""Image"",""#text"":""C:\\Windows\\SysWOW64\\msiexec.exe""},{""@Name"":""TargetObject"",""#text"":""HKU\\S-1-5-21-3393683511-3463148672-371912004-1001\\Software\\Microsoft\\SystemCertificates\\CA\\Certificates""},{""@Name"":""User"",""#text"":""DESKTOP-887GK2L\\CyberJunkie""}]}}"
69,118815,2024-02-14 03:41:57.9849954,12,Info,Microsoft-Windows-Sysmon,Microsoft-Windows-Sysmon/Operational,3028,4412,DESKTOP-887GK2L,1,S-1-5-18,RegistryEvent (Object create and delete),DESKTOP-887GK2L\CyberJunkie,,"ProcessID: 10324, ProcessGUID: 817bddf3-3685-65cc-3002-000000001900","RuleName: technique_id=T1553.004,technique_name=Install Root Certificate",Image: C:\Windows\SysWOW64\msiexec.exe,EventType: CreateKey,TargetObject: HKU\S-1-5-21-3393683511-3463148672-371912004-1001\Software\Microsoft\SystemCertificates\Root\Certificates,,,False,C:\DFIR\Cases\unit42\Microsoft-Windows-Sysmon-Operational.evtx,Classic,0,"{""EventData"":{""Data"":[{""@Name"":""RuleName"",""#text"":""technique_id=T1553.004,technique_name=Install Root Certificate""},{""@Name"":""EventType"",""#text"":""CreateKey""},{""@Name"":""UtcTime"",""#text"":""2024-02-14 03:41:57.983""},{""@Name"":""ProcessGuid"",""#text"":""817bddf3-3685-65cc-3002-000000001900""},{""@Name"":""ProcessId"",""#text"":""10324""},{""@Name"":""Image"",""#text"":""C:\\Windows\\SysWOW64\\msiexec.exe""},{""@Name"":""TargetObject"",""#text"":""HKU\\S-1-5-21-3393683511-3463148672-371912004-1001\\Software\\Microsoft\\SystemCertificates\\Root\\Certificates""},{""@Name"":""User"",""#text"":""DESKTOP-887GK2L\\CyberJunkie""}]}}"
70,118816,2024-02-14 03:41:58.0096880,7,Info,Microsoft-Windows-Sysmon,Microsoft-Windows-Sysmon/Operational,3028,4412,DESKTOP-887GK2L,1,S-1-5-18,Image loaded,DESKTOP-887GK2L\CyberJunkie,,"ProcessID: 10324, ProcessGUID: 817bddf3-3685-65cc-3002-000000001900","RuleName: technique_id=T1055,technique_name=Process Injection","SHA1=E37695676AE23AE265E2E9110371DD93FCBD2078,MD5=3398E4051E8F4E2FF3CF0F365FA9238D,SHA256=57EFA31B9F0116E46AB5E46C2E1764A79C507F751995DB2E1C8727BDCEB0C576,IMPHASH=47F306C12509ADBBC266F7DA43529A4D",Signed: true,Image: C:\Windows\SysWOW64\msiexec.exe,,C:\Windows\SysWOW64\mscoree.dll,False,C:\DFIR\Cases\unit42\Microsoft-Windows-Sysmon-Operational.evtx,Classic,0,"{""EventData"":{""Data"":[{""@Name"":""RuleName"",""#text"":""technique_id=T1055,technique_name=Process Injection""},{""@Name"":""UtcTime"",""#text"":""2024-02-14 03:41:57.998""},{""@Name"":""ProcessGuid"",""#text"":""817bddf3-3685-65cc-3002-000000001900""},{""@Name"":""ProcessId"",""#text"":""10324""},{""@Name"":""Image"",""#text"":""C:\\Windows\\SysWOW64\\msiexec.exe""},{""@Name"":""ImageLoaded"",""#text"":""C:\\Windows\\SysWOW64\\mscoree.dll""},{""@Name"":""FileVersion"",""#text"":""10.0.19041.1 (WinBuild.160101.0800)""},{""@Name"":""Description"",""#text"":""Microsoft .NET Runtime Execution Engine""},{""@Name"":""Product"",""#text"":""Microsoft® Windows® Operating System""},{""@Name"":""Company"",""#text"":""Microsoft Corporation""},{""@Name"":""OriginalFileName"",""#text"":""mscoree.dll""},{""@Name"":""Hashes"",""#text"":""SHA1=E37695676AE23AE265E2E9110371DD93FCBD2078,MD5=3398E4051E8F4E2FF3CF0F365FA9238D,SHA256=57EFA31B9F0116E46AB5E46C2E1764A79C507F751995DB2E1C8727BDCEB0C576,IMPHASH=47F306C12509ADBBC266F7DA43529A4D""},{""@Name"":""Signed"",""#text"":""true""},{""@Name"":""Signature"",""#text"":""Microsoft Windows""},{""@Name"":""SignatureStatus"",""#text"":""Valid""},{""@Name"":""User"",""#text"":""DESKTOP-887GK2L\\CyberJunkie""}]}}"
71,118817,2024-02-14 03:41:58.0104458,7,Info,Microsoft-Windows-Sysmon,Microsoft-Windows-Sysmon/Operational,3028,4412,DESKTOP-887GK2L,1,S-1-5-18,Image loaded,DESKTOP-887GK2L\CyberJunkie,,"ProcessID: 10324, ProcessGUID: 817bddf3-3685-65cc-3002-000000001900","RuleName: technique_id=T1055,technique_name=Process Injection","SHA1=53F0BCD0A2F21B77C0589D47C68539DCF2D70D6D,MD5=3ED8CA94264C230FAE496CDA693C3682,SHA256=8D1C6B8BB7769F30BD524F4444310696955180EDCD6BB68C4F82C67BFDC5506B,IMPHASH=5D336B857D2402F5D6C5C0D2740F08D3",Signed: true,Image: C:\Windows\SysWOW64\msiexec.exe,,C:\Windows\Microsoft.NET\Framework\v4.0.30319\mscoreei.dll,False,C:\DFIR\Cases\unit42\Microsoft-Windows-Sysmon-Operational.evtx,Classic,0,"{""EventData"":{""Data"":[{""@Name"":""RuleName"",""#text"":""technique_id=T1055,technique_name=Process Injection""},{""@Name"":""UtcTime"",""#text"":""2024-02-14 03:41:57.998""},{""@Name"":""ProcessGuid"",""#text"":""817bddf3-3685-65cc-3002-000000001900""},{""@Name"":""ProcessId"",""#text"":""10324""},{""@Name"":""Image"",""#text"":""C:\\Windows\\SysWOW64\\msiexec.exe""},{""@Name"":""ImageLoaded"",""#text"":""C:\\Windows\\Microsoft.NET\\Framework\\v4.0.30319\\mscoreei.dll""},{""@Name"":""FileVersion"",""#text"":""4.8.9093.0 built by: NET481REL1LAST_C""},{""@Name"":""Description"",""#text"":""Microsoft .NET Runtime Execution Engine""},{""@Name"":""Product"",""#text"":""Microsoft® .NET Framework""},{""@Name"":""Company"",""#text"":""Microsoft Corporation""},{""@Name"":""OriginalFileName"",""#text"":""mscoreei.dll""},{""@Name"":""Hashes"",""#text"":""SHA1=53F0BCD0A2F21B77C0589D47C68539DCF2D70D6D,MD5=3ED8CA94264C230FAE496CDA693C3682,SHA256=8D1C6B8BB7769F30BD524F4444310696955180EDCD6BB68C4F82C67BFDC5506B,IMPHASH=5D336B857D2402F5D6C5C0D2740F08D3""},{""@Name"":""Signed"",""#text"":""true""},{""@Name"":""Signature"",""#text"":""Microsoft Corporation""},{""@Name"":""SignatureStatus"",""#text"":""Valid""},{""@Name"":""User"",""#text"":""DESKTOP-887GK2L\\CyberJunkie""}]}}"
72,118818,2024-02-14 03:41:58.0606599,11,Info,Microsoft-Windows-Sysmon,Microsoft-Windows-Sysmon/Operational,3028,4412,DESKTOP-887GK2L,1,S-1-5-18,FileCreate,NT AUTHORITY\SYSTEM,,"ProcessID: 10220, ProcessGUID: 817bddf3-3685-65cc-2e02-000000001900","RuleName: technique_id=T1574.010,technique_name=Services File Permissions Weakness",Image: C:\Windows\system32\msiexec.exe,TargetFilename: C:\Windows\Installer\17c5a1.msi,,,,False,C:\DFIR\Cases\unit42\Microsoft-Windows-Sysmon-Operational.evtx,Classic,0,"{""EventData"":{""Data"":[{""@Name"":""RuleName"",""#text"":""technique_id=T1574.010,technique_name=Services File Permissions Weakness""},{""@Name"":""UtcTime"",""#text"":""2024-02-14 03:41:58.045""},{""@Name"":""ProcessGuid"",""#text"":""817bddf3-3685-65cc-2e02-000000001900""},{""@Name"":""ProcessId"",""#text"":""10220""},{""@Name"":""Image"",""#text"":""C:\\Windows\\system32\\msiexec.exe""},{""@Name"":""TargetFilename"",""#text"":""C:\\Windows\\Installer\\17c5a1.msi""},{""@Name"":""CreationUtcTime"",""#text"":""2024-02-14 03:41:58.045""},{""@Name"":""User"",""#text"":""NT AUTHORITY\\SYSTEM""}]}}"
73,118819,2024-02-14 03:41:58.0617152,23,Info,Microsoft-Windows-Sysmon,Microsoft-Windows-Sysmon/Operational,3028,4412,DESKTOP-887GK2L,1,S-1-5-18,FileDelete (A file delete was detected),NT AUTHORITY\SYSTEM,,"ProcessID: 10220, ProcessGUID: 817bddf3-3685-65cc-2e02-000000001900",RuleName: other interesting files,"SHA1=DA39A3EE5E6B4B0D3255BFEF95601890AFD80709,MD5=D41D8CD98F00B204E9800998ECF8427E,SHA256=E3B0C44298FC1C149AFBF4C8996FB92427AE41E4649B934CA495991B7852B855,IMPHASH=00000000000000000000000000000000",TargetFilename: C:\Windows\Installer\17c5a1.msi,IsExecutable: False,Archived: true,C:\Windows\system32\msiexec.exe,False,C:\DFIR\Cases\unit42\Microsoft-Windows-Sysmon-Operational.evtx,Classic,0,"{""EventData"":{""Data"":[{""@Name"":""RuleName"",""#text"":""other interesting files""},{""@Name"":""UtcTime"",""#text"":""2024-02-14 03:41:58.061""},{""@Name"":""ProcessGuid"",""#text"":""817bddf3-3685-65cc-2e02-000000001900""},{""@Name"":""ProcessId"",""#text"":""10220""},{""@Name"":""User"",""#text"":""NT AUTHORITY\\SYSTEM""},{""@Name"":""Image"",""#text"":""C:\\Windows\\system32\\msiexec.exe""},{""@Name"":""TargetFilename"",""#text"":""C:\\Windows\\Installer\\17c5a1.msi""},{""@Name"":""Hashes"",""#text"":""SHA1=DA39A3EE5E6B4B0D3255BFEF95601890AFD80709,MD5=D41D8CD98F00B204E9800998ECF8427E,SHA256=E3B0C44298FC1C149AFBF4C8996FB92427AE41E4649B934CA495991B7852B855,IMPHASH=00000000000000000000000000000000""},{""@Name"":""IsExecutable"",""#text"":""False""},{""@Name"":""Archived"",""#text"":""true""}]}}"
74,118820,2024-02-14 03:41:58.0620286,11,Info,Microsoft-Windows-Sysmon,Microsoft-Windows-Sysmon/Operational,3028,4412,DESKTOP-887GK2L,1,S-1-5-18,FileCreate,NT AUTHORITY\SYSTEM,,"ProcessID: 10220, ProcessGUID: 817bddf3-3685-65cc-2e02-000000001900","RuleName: technique_id=T1574.010,technique_name=Services File Permissions Weakness",Image: C:\Windows\system32\msiexec.exe,TargetFilename: C:\Windows\Installer\17c5a1.msi,,,,False,C:\DFIR\Cases\unit42\Microsoft-Windows-Sysmon-Operational.evtx,Classic,0,"{""EventData"":{""Data"":[{""@Name"":""RuleName"",""#text"":""technique_id=T1574.010,technique_name=Services File Permissions Weakness""},{""@Name"":""UtcTime"",""#text"":""2024-02-14 03:41:58.061""},{""@Name"":""ProcessGuid"",""#text"":""817bddf3-3685-65cc-2e02-000000001900""},{""@Name"":""ProcessId"",""#text"":""10220""},{""@Name"":""Image"",""#text"":""C:\\Windows\\system32\\msiexec.exe""},{""@Name"":""TargetFilename"",""#text"":""C:\\Windows\\Installer\\17c5a1.msi""},{""@Name"":""CreationUtcTime"",""#text"":""2024-02-14 03:41:58.045""},{""@Name"":""User"",""#text"":""NT AUTHORITY\\SYSTEM""}]}}"
75,118821,2024-02-14 03:41:58.0801311,12,Info,Microsoft-Windows-Sysmon,Microsoft-Windows-Sysmon/Operational,3028,4412,DESKTOP-887GK2L,1,S-1-5-18,RegistryEvent (Object create and delete),NT AUTHORITY\SYSTEM,,"ProcessID: 10220, ProcessGUID: 817bddf3-3685-65cc-2e02-000000001900","RuleName: technique_id=T1553.004,technique_name=Install Root Certificate",Image: C:\Windows\system32\msiexec.exe,EventType: CreateKey,TargetObject: HKU\S-1-5-21-3393683511-3463148672-371912004-1001\Software\Microsoft\SystemCertificates\CA\Certificates,,,False,C:\DFIR\Cases\unit42\Microsoft-Windows-Sysmon-Operational.evtx,Classic,0,"{""EventData"":{""Data"":[{""@Name"":""RuleName"",""#text"":""technique_id=T1553.004,technique_name=Install Root Certificate""},{""@Name"":""EventType"",""#text"":""CreateKey""},{""@Name"":""UtcTime"",""#text"":""2024-02-14 03:41:58.077""},{""@Name"":""ProcessGuid"",""#text"":""817bddf3-3685-65cc-2e02-000000001900""},{""@Name"":""ProcessId"",""#text"":""10220""},{""@Name"":""Image"",""#text"":""C:\\Windows\\system32\\msiexec.exe""},{""@Name"":""TargetObject"",""#text"":""HKU\\S-1-5-21-3393683511-3463148672-371912004-1001\\Software\\Microsoft\\SystemCertificates\\CA\\Certificates""},{""@Name"":""User"",""#text"":""NT AUTHORITY\\SYSTEM""}]}}"
76,118822,2024-02-14 03:41:58.0830073,12,Info,Microsoft-Windows-Sysmon,Microsoft-Windows-Sysmon/Operational,3028,4412,DESKTOP-887GK2L,1,S-1-5-18,RegistryEvent (Object create and delete),NT AUTHORITY\SYSTEM,,"ProcessID: 10220, ProcessGUID: 817bddf3-3685-65cc-2e02-000000001900","RuleName: technique_id=T1553.004,technique_name=Install Root Certificate",Image: C:\Windows\system32\msiexec.exe,EventType: CreateKey,TargetObject: HKU\S-1-5-21-3393683511-3463148672-371912004-1001\Software\Microsoft\SystemCertificates\Root\Certificates,,,False,C:\DFIR\Cases\unit42\Microsoft-Windows-Sysmon-Operational.evtx,Classic,0,"{""EventData"":{""Data"":[{""@Name"":""RuleName"",""#text"":""technique_id=T1553.004,technique_name=Install Root Certificate""},{""@Name"":""EventType"",""#text"":""CreateKey""},{""@Name"":""UtcTime"",""#text"":""2024-02-14 03:41:58.077""},{""@Name"":""ProcessGuid"",""#text"":""817bddf3-3685-65cc-2e02-000000001900""},{""@Name"":""ProcessId"",""#text"":""10220""},{""@Name"":""Image"",""#text"":""C:\\Windows\\system32\\msiexec.exe""},{""@Name"":""TargetObject"",""#text"":""HKU\\S-1-5-21-3393683511-3463148672-371912004-1001\\Software\\Microsoft\\SystemCertificates\\Root\\Certificates""},{""@Name"":""User"",""#text"":""NT AUTHORITY\\SYSTEM""}]}}"
77,118823,2024-02-14 03:41:58.0969601,7,Info,Microsoft-Windows-Sysmon,Microsoft-Windows-Sysmon/Operational,3028,4432,DESKTOP-887GK2L,1,S-1-5-18,Image loaded,NT AUTHORITY\SYSTEM,,"ProcessID: 10220, ProcessGUID: 817bddf3-3685-65cc-2e02-000000001900","RuleName: technique_id=T1055,technique_name=Process Injection","SHA1=CFEF8F0BA040939B87B74F101970A6BBEB5DA15F,MD5=D5971EF71DE1BDD46D537203ABFCC756,SHA256=8828DE042D008783BA5B31C82935A3ED38D5996927C3399B3E1FC6FE723FC84E,IMPHASH=65F23EFA1EB51A5DAAB399BFAA840074",Signed: true,Image: C:\Windows\System32\msiexec.exe,,C:\Windows\System32\mscoree.dll,False,C:\DFIR\Cases\unit42\Microsoft-Windows-Sysmon-Operational.evtx,Classic,0,"{""EventData"":{""Data"":[{""@Name"":""RuleName"",""#text"":""technique_id=T1055,technique_name=Process Injection""},{""@Name"":""UtcTime"",""#text"":""2024-02-14 03:41:58.077""},{""@Name"":""ProcessGuid"",""#text"":""817bddf3-3685-65cc-2e02-000000001900""},{""@Name"":""ProcessId"",""#text"":""10220""},{""@Name"":""Image"",""#text"":""C:\\Windows\\System32\\msiexec.exe""},{""@Name"":""ImageLoaded"",""#text"":""C:\\Windows\\System32\\mscoree.dll""},{""@Name"":""FileVersion"",""#text"":""10.0.19041.1 (WinBuild.160101.0800)""},{""@Name"":""Description"",""#text"":""Microsoft .NET Runtime Execution Engine""},{""@Name"":""Product"",""#text"":""Microsoft® Windows® Operating System""},{""@Name"":""Company"",""#text"":""Microsoft Corporation""},{""@Name"":""OriginalFileName"",""#text"":""mscoree.dll""},{""@Name"":""Hashes"",""#text"":""SHA1=CFEF8F0BA040939B87B74F101970A6BBEB5DA15F,MD5=D5971EF71DE1BDD46D537203ABFCC756,SHA256=8828DE042D008783BA5B31C82935A3ED38D5996927C3399B3E1FC6FE723FC84E,IMPHASH=65F23EFA1EB51A5DAAB399BFAA840074""},{""@Name"":""Signed"",""#text"":""true""},{""@Name"":""Signature"",""#text"":""Microsoft Windows""},{""@Name"":""SignatureStatus"",""#text"":""Valid""},{""@Name"":""User"",""#text"":""NT AUTHORITY\\SYSTEM""}]}}"
78,118824,2024-02-14 03:41:58.1001933,7,Info,Microsoft-Windows-Sysmon,Microsoft-Windows-Sysmon/Operational,3028,4432,DESKTOP-887GK2L,1,S-1-5-18,Image loaded,NT AUTHORITY\SYSTEM,,"ProcessID: 10220, ProcessGUID: 817bddf3-3685-65cc-2e02-000000001900","RuleName: technique_id=T1055,technique_name=Process Injection","SHA1=2186F29C0312A9BE5B9D08BD3A95DFC14A7BB0A4,MD5=89AB48AC59F9E5302E10A6A2ED5E9F9E,SHA256=791E1A6F0C1024B2AC8142F0D85B25A7510B57606EF2D903289BE76970ADE9DD,IMPHASH=BDAAD270BEE58C9A3A7622CD1CA3EF79",Signed: true,Image: C:\Windows\System32\msiexec.exe,,C:\Windows\Microsoft.NET\Framework64\v4.0.30319\mscoreei.dll,False,C:\DFIR\Cases\unit42\Microsoft-Windows-Sysmon-Operational.evtx,Classic,0,"{""EventData"":{""Data"":[{""@Name"":""RuleName"",""#text"":""technique_id=T1055,technique_name=Process Injection""},{""@Name"":""UtcTime"",""#text"":""2024-02-14 03:41:58.092""},{""@Name"":""ProcessGuid"",""#text"":""817bddf3-3685-65cc-2e02-000000001900""},{""@Name"":""ProcessId"",""#text"":""10220""},{""@Name"":""Image"",""#text"":""C:\\Windows\\System32\\msiexec.exe""},{""@Name"":""ImageLoaded"",""#text"":""C:\\Windows\\Microsoft.NET\\Framework64\\v4.0.30319\\mscoreei.dll""},{""@Name"":""FileVersion"",""#text"":""4.8.9093.0 built by: NET481REL1LAST_C""},{""@Name"":""Description"",""#text"":""Microsoft .NET Runtime Execution Engine""},{""@Name"":""Product"",""#text"":""Microsoft® .NET Framework""},{""@Name"":""Company"",""#text"":""Microsoft Corporation""},{""@Name"":""OriginalFileName"",""#text"":""mscoreei.dll""},{""@Name"":""Hashes"",""#text"":""SHA1=2186F29C0312A9BE5B9D08BD3A95DFC14A7BB0A4,MD5=89AB48AC59F9E5302E10A6A2ED5E9F9E,SHA256=791E1A6F0C1024B2AC8142F0D85B25A7510B57606EF2D903289BE76970ADE9DD,IMPHASH=BDAAD270BEE58C9A3A7622CD1CA3EF79""},{""@Name"":""Signed"",""#text"":""true""},{""@Name"":""Signature"",""#text"":""Microsoft Corporation""},{""@Name"":""SignatureStatus"",""#text"":""Valid""},{""@Name"":""User"",""#text"":""NT AUTHORITY\\SYSTEM""}]}}"
79,118825,2024-02-14 03:41:58.1430153,7,Info,Microsoft-Windows-Sysmon,Microsoft-Windows-Sysmon/Operational,3028,4432,DESKTOP-887GK2L,1,S-1-5-18,Image loaded,NT AUTHORITY\SYSTEM,,"ProcessID: 10220, ProcessGUID: 817bddf3-3685-65cc-2e02-000000001900","RuleName: technique_id=T1055,technique_name=Process Injection","SHA1=0D61503DA9EE0D7DA4DB688203F847233A560698,MD5=F2AA65F837A1E92CB00F9B26B18ADAD1,SHA256=0B73084BB28E0D93EB32D45304351D769C67F4DABA99D5A0C291C791749DDCB9,IMPHASH=AB5E2E36C1E62672DDDD7B4D2E5D81D4",Signed: true,Image: C:\Windows\System32\msiexec.exe,,C:\Windows\Microsoft.NET\Framework64\v4.0.30319\clr.dll,False,C:\DFIR\Cases\unit42\Microsoft-Windows-Sysmon-Operational.evtx,Classic,0,"{""EventData"":{""Data"":[{""@Name"":""RuleName"",""#text"":""technique_id=T1055,technique_name=Process Injection""},{""@Name"":""UtcTime"",""#text"":""2024-02-14 03:41:58.123""},{""@Name"":""ProcessGuid"",""#text"":""817bddf3-3685-65cc-2e02-000000001900""},{""@Name"":""ProcessId"",""#text"":""10220""},{""@Name"":""Image"",""#text"":""C:\\Windows\\System32\\msiexec.exe""},{""@Name"":""ImageLoaded"",""#text"":""C:\\Windows\\Microsoft.NET\\Framework64\\v4.0.30319\\clr.dll""},{""@Name"":""FileVersion"",""#text"":""4.8.9195.0 built by: NET481REL1LAST_B""},{""@Name"":""Description"",""#text"":""Microsoft .NET Runtime Common Language Runtime - WorkStation""},{""@Name"":""Product"",""#text"":""Microsoft® .NET Framework""},{""@Name"":""Company"",""#text"":""Microsoft Corporation""},{""@Name"":""OriginalFileName"",""#text"":""clr.dll""},{""@Name"":""Hashes"",""#text"":""SHA1=0D61503DA9EE0D7DA4DB688203F847233A560698,MD5=F2AA65F837A1E92CB00F9B26B18ADAD1,SHA256=0B73084BB28E0D93EB32D45304351D769C67F4DABA99D5A0C291C791749DDCB9,IMPHASH=AB5E2E36C1E62672DDDD7B4D2E5D81D4""},{""@Name"":""Signed"",""#text"":""true""},{""@Name"":""Signature"",""#text"":""Microsoft Corporation""},{""@Name"":""SignatureStatus"",""#text"":""Valid""},{""@Name"":""User"",""#text"":""NT AUTHORITY\\SYSTEM""}]}}"
80,118826,2024-02-14 03:41:58.1752802,11,Info,Microsoft-Windows-Sysmon,Microsoft-Windows-Sysmon/Operational,3028,4412,DESKTOP-887GK2L,1,S-1-5-18,FileCreate,NT AUTHORITY\SYSTEM,,"ProcessID: 10220, ProcessGUID: 817bddf3-3685-65cc-2e02-000000001900","RuleName: technique_id=T1574.010,technique_name=Services File Permissions Weakness",Image: C:\Windows\system32\msiexec.exe,TargetFilename: C:\Windows\Installer\MSIC61E.tmp,,,,False,C:\DFIR\Cases\unit42\Microsoft-Windows-Sysmon-Operational.evtx,Classic,0,"{""EventData"":{""Data"":[{""@Name"":""RuleName"",""#text"":""technique_id=T1574.010,technique_name=Services File Permissions Weakness""},{""@Name"":""UtcTime"",""#text"":""2024-02-14 03:41:58.170""},{""@Name"":""ProcessGuid"",""#text"":""817bddf3-3685-65cc-2e02-000000001900""},{""@Name"":""ProcessId"",""#text"":""10220""},{""@Name"":""Image"",""#text"":""C:\\Windows\\system32\\msiexec.exe""},{""@Name"":""TargetFilename"",""#text"":""C:\\Windows\\Installer\\MSIC61E.tmp""},{""@Name"":""CreationUtcTime"",""#text"":""2024-02-14 03:41:58.170""},{""@Name"":""User"",""#text"":""NT AUTHORITY\\SYSTEM""}]}}"
81,118827,2024-02-14 03:41:58.1790681,13,Info,Microsoft-Windows-Sysmon,Microsoft-Windows-Sysmon/Operational,3028,4412,DESKTOP-887GK2L,1,S-1-5-18,RegistryEvent (Value Set),NT AUTHORITY\SYSTEM,,"ProcessID: 10220, ProcessGUID: 817bddf3-3685-65cc-2e02-000000001900","RuleName: technique_id=T1543,technique_name=Service Creation",Image: C:\Windows\system32\msiexec.exe,EventType: SetValue,TargetObject: HKLM\System\CurrentControlSet\Services\bam\State\UserSettings\S-1-5-21-3393683511-3463148672-371912004-1001\\Device\HarddiskVolume3\Windows\SysWOW64\msiexec.exe,Details: Binary Data,,False,C:\DFIR\Cases\unit42\Microsoft-Windows-Sysmon-Operational.evtx,Classic,0,"{""EventData"":{""Data"":[{""@Name"":""RuleName"",""#text"":""technique_id=T1543,technique_name=Service Creation""},{""@Name"":""EventType"",""#text"":""SetValue""},{""@Name"":""UtcTime"",""#text"":""2024-02-14 03:41:58.170""},{""@Name"":""ProcessGuid"",""#text"":""817bddf3-3685-65cc-2e02-000000001900""},{""@Name"":""ProcessId"",""#text"":""10220""},{""@Name"":""Image"",""#text"":""C:\\Windows\\system32\\msiexec.exe""},{""@Name"":""TargetObject"",""#text"":""HKLM\\System\\CurrentControlSet\\Services\\bam\\State\\UserSettings\\S-1-5-21-3393683511-3463148672-371912004-1001\\\\Device\\HarddiskVolume3\\Windows\\SysWOW64\\msiexec.exe""},{""@Name"":""Details"",""#text"":""Binary Data""},{""@Name"":""User"",""#text"":""NT AUTHORITY\\SYSTEM""}]}}"
82,118828,2024-02-14 03:41:58.1794583,1,Info,Microsoft-Windows-Sysmon,Microsoft-Windows-Sysmon/Operational,3028,4412,DESKTOP-887GK2L,1,S-1-5-18,Process creation,DESKTOP-887GK2L\CyberJunkie,,"ProcessID: 10280, ProcessGUID: 817bddf3-3686-65cc-3102-000000001900","RuleName: technique_id=T1218,technique_name=Signed Binary Proxy Execution","SHA1=9AB9B12901E1EA2DF943B45AD20D8732618608CD,MD5=898277AC5894C4E1412A49040053B0D3,SHA256=445A2E800DC68DF89ABF713F3B4B632D40AE6310EF3660B42D974BB582426BC5,IMPHASH=E4E40938E4BF6C66424859ED02171C41",ParentProcess: C:\Windows\System32\msiexec.exe,"ParentProcessID: 10220, ParentProcessGUID: 817bddf3-3685-65cc-2e02-000000001900",ParentCommandLine: C:\Windows\system32\msiexec.exe /V,C:\Windows\syswow64\MsiExec.exe -Embedding 5250A3DB12224F77D2A18B4EB99AC5EB,False,C:\DFIR\Cases\unit42\Microsoft-Windows-Sysmon-Operational.evtx,Classic,0,"{""EventData"":{""Data"":[{""@Name"":""RuleName"",""#text"":""technique_id=T1218,technique_name=Signed Binary Proxy Execution""},{""@Name"":""UtcTime"",""#text"":""2024-02-14 03:41:58.178""},{""@Name"":""ProcessGuid"",""#text"":""817bddf3-3686-65cc-3102-000000001900""},{""@Name"":""ProcessId"",""#text"":""10280""},{""@Name"":""Image"",""#text"":""C:\\Windows\\SysWOW64\\msiexec.exe""},{""@Name"":""FileVersion"",""#text"":""5.0.19041.3636 (WinBuild.160101.0800)""},{""@Name"":""Description"",""#text"":""Windows® installer""},{""@Name"":""Product"",""#text"":""Windows Installer - Unicode""},{""@Name"":""Company"",""#text"":""Microsoft Corporation""},{""@Name"":""OriginalFileName"",""#text"":""msiexec.exe""},{""@Name"":""CommandLine"",""#text"":""C:\\Windows\\syswow64\\MsiExec.exe -Embedding 5250A3DB12224F77D2A18B4EB99AC5EB""},{""@Name"":""CurrentDirectory"",""#text"":""C:\\Windows\\SysWOW64\\""},{""@Name"":""User"",""#text"":""DESKTOP-887GK2L\\CyberJunkie""},{""@Name"":""LogonGuid"",""#text"":""817bddf3-311e-65cc-a7ae-1b0000000000""},{""@Name"":""LogonId"",""#text"":""0x1BAEA7""},{""@Name"":""TerminalSessionId"",""#text"":""1""},{""@Name"":""IntegrityLevel"",""#text"":""Medium""},{""@Name"":""Hashes"",""#text"":""SHA1=9AB9B12901E1EA2DF943B45AD20D8732618608CD,MD5=898277AC5894C4E1412A49040053B0D3,SHA256=445A2E800DC68DF89ABF713F3B4B632D40AE6310EF3660B42D974BB582426BC5,IMPHASH=E4E40938E4BF6C66424859ED02171C41""},{""@Name"":""ParentProcessGuid"",""#text"":""817bddf3-3685-65cc-2e02-000000001900""},{""@Name"":""ParentProcessId"",""#text"":""10220""},{""@Name"":""ParentImage"",""#text"":""C:\\Windows\\System32\\msiexec.exe""},{""@Name"":""ParentCommandLine"",""#text"":""C:\\Windows\\system32\\msiexec.exe /V""},{""@Name"":""ParentUser"",""#text"":""NT AUTHORITY\\SYSTEM""}]}}"
83,118829,2024-02-14 03:41:58.2230149,23,Info,Microsoft-Windows-Sysmon,Microsoft-Windows-Sysmon/Operational,3028,4412,DESKTOP-887GK2L,1,S-1-5-18,FileDelete (A file delete was detected),NT AUTHORITY\SYSTEM,,"ProcessID: 10220, ProcessGUID: 817bddf3-3685-65cc-2e02-000000001900",RuleName: Executables,"SHA1=BB91AE1F2F7142B9099E3CC285F4F5B84DE568E4,MD5=B158D8D605571EA47A238DF5AB43DFAA,SHA256=CA763693CC25D316F14A9EBAD80EBF00590329550C45ADB7E5205486533C2504,IMPHASH=8B52E108EA5F90B3A554E42291127487",TargetFilename: C:\Windows\Installer\MSIC61E.tmp,IsExecutable: True,Archived: true,C:\Windows\system32\msiexec.exe,False,C:\DFIR\Cases\unit42\Microsoft-Windows-Sysmon-Operational.evtx,Classic,0,"{""EventData"":{""Data"":[{""@Name"":""RuleName"",""#text"":""Executables""},{""@Name"":""UtcTime"",""#text"":""2024-02-14 03:41:58.217""},{""@Name"":""ProcessGuid"",""#text"":""817bddf3-3685-65cc-2e02-000000001900""},{""@Name"":""ProcessId"",""#text"":""10220""},{""@Name"":""User"",""#text"":""NT AUTHORITY\\SYSTEM""},{""@Name"":""Image"",""#text"":""C:\\Windows\\system32\\msiexec.exe""},{""@Name"":""TargetFilename"",""#text"":""C:\\Windows\\Installer\\MSIC61E.tmp""},{""@Name"":""Hashes"",""#text"":""SHA1=BB91AE1F2F7142B9099E3CC285F4F5B84DE568E4,MD5=B158D8D605571EA47A238DF5AB43DFAA,SHA256=CA763693CC25D316F14A9EBAD80EBF00590329550C45ADB7E5205486533C2504,IMPHASH=8B52E108EA5F90B3A554E42291127487""},{""@Name"":""IsExecutable"",""#text"":""True""},{""@Name"":""Archived"",""#text"":""true""}]}}"
84,118830,2024-02-14 03:41:58.2246008,11,Info,Microsoft-Windows-Sysmon,Microsoft-Windows-Sysmon/Operational,3028,4412,DESKTOP-887GK2L,1,S-1-5-18,FileCreate,NT AUTHORITY\SYSTEM,,"ProcessID: 10220, ProcessGUID: 817bddf3-3685-65cc-2e02-000000001900","RuleName: technique_id=T1574.010,technique_name=Services File Permissions Weakness",Image: C:\Windows\system32\msiexec.exe,TargetFilename: C:\Windows\Installer\MSIC64E.tmp,,,,False,C:\DFIR\Cases\unit42\Microsoft-Windows-Sysmon-Operational.evtx,Classic,0,"{""EventData"":{""Data"":[{""@Name"":""RuleName"",""#text"":""technique_id=T1574.010,technique_name=Services File Permissions Weakness""},{""@Name"":""UtcTime"",""#text"":""2024-02-14 03:41:58.217""},{""@Name"":""ProcessGuid"",""#text"":""817bddf3-3685-65cc-2e02-000000001900""},{""@Name"":""ProcessId"",""#text"":""10220""},{""@Name"":""Image"",""#text"":""C:\\Windows\\system32\\msiexec.exe""},{""@Name"":""TargetFilename"",""#text"":""C:\\Windows\\Installer\\MSIC64E.tmp""},{""@Name"":""CreationUtcTime"",""#text"":""2024-02-14 03:41:58.217""},{""@Name"":""User"",""#text"":""NT AUTHORITY\\SYSTEM""}]}}"
85,118831,2024-02-14 03:41:58.2465890,23,Info,Microsoft-Windows-Sysmon,Microsoft-Windows-Sysmon/Operational,3028,4412,DESKTOP-887GK2L,1,S-1-5-18,FileDelete (A file delete was detected),NT AUTHORITY\SYSTEM,,"ProcessID: 10220, ProcessGUID: 817bddf3-3685-65cc-2e02-000000001900",RuleName: Executables,"SHA1=BB91AE1F2F7142B9099E3CC285F4F5B84DE568E4,MD5=B158D8D605571EA47A238DF5AB43DFAA,SHA256=CA763693CC25D316F14A9EBAD80EBF00590329550C45ADB7E5205486533C2504,IMPHASH=8B52E108EA5F90B3A554E42291127487",TargetFilename: C:\Windows\Installer\MSIC64E.tmp,IsExecutable: True,Archived: true,C:\Windows\system32\msiexec.exe,False,C:\DFIR\Cases\unit42\Microsoft-Windows-Sysmon-Operational.evtx,Classic,0,"{""EventData"":{""Data"":[{""@Name"":""RuleName"",""#text"":""Executables""},{""@Name"":""UtcTime"",""#text"":""2024-02-14 03:41:58.233""},{""@Name"":""ProcessGuid"",""#text"":""817bddf3-3685-65cc-2e02-000000001900""},{""@Name"":""ProcessId"",""#text"":""10220""},{""@Name"":""User"",""#text"":""NT AUTHORITY\\SYSTEM""},{""@Name"":""Image"",""#text"":""C:\\Windows\\system32\\msiexec.exe""},{""@Name"":""TargetFilename"",""#text"":""C:\\Windows\\Installer\\MSIC64E.tmp""},{""@Name"":""Hashes"",""#text"":""SHA1=BB91AE1F2F7142B9099E3CC285F4F5B84DE568E4,MD5=B158D8D605571EA47A238DF5AB43DFAA,SHA256=CA763693CC25D316F14A9EBAD80EBF00590329550C45ADB7E5205486533C2504,IMPHASH=8B52E108EA5F90B3A554E42291127487""},{""@Name"":""IsExecutable"",""#text"":""True""},{""@Name"":""Archived"",""#text"":""true""}]}}"
86,118832,2024-02-14 03:41:58.2479661,11,Info,Microsoft-Windows-Sysmon,Microsoft-Windows-Sysmon/Operational,3028,4412,DESKTOP-887GK2L,1,S-1-5-18,FileCreate,NT AUTHORITY\SYSTEM,,"ProcessID: 10220, ProcessGUID: 817bddf3-3685-65cc-2e02-000000001900","RuleName: technique_id=T1574.010,technique_name=Services File Permissions Weakness",Image: C:\Windows\system32\msiexec.exe,TargetFilename: C:\Windows\Installer\MSIC65F.tmp,,,,False,C:\DFIR\Cases\unit42\Microsoft-Windows-Sysmon-Operational.evtx,Classic,0,"{""EventData"":{""Data"":[{""@Name"":""RuleName"",""#text"":""technique_id=T1574.010,technique_name=Services File Permissions Weakness""},{""@Name"":""UtcTime"",""#text"":""2024-02-14 03:41:58.233""},{""@Name"":""ProcessGuid"",""#text"":""817bddf3-3685-65cc-2e02-000000001900""},{""@Name"":""ProcessId"",""#text"":""10220""},{""@Name"":""Image"",""#text"":""C:\\Windows\\system32\\msiexec.exe""},{""@Name"":""TargetFilename"",""#text"":""C:\\Windows\\Installer\\MSIC65F.tmp""},{""@Name"":""CreationUtcTime"",""#text"":""2024-02-14 03:41:58.233""},{""@Name"":""User"",""#text"":""NT AUTHORITY\\SYSTEM""}]}}"
87,118833,2024-02-14 03:41:58.2628383,23,Info,Microsoft-Windows-Sysmon,Microsoft-Windows-Sysmon/Operational,3028,4412,DESKTOP-887GK2L,1,S-1-5-18,FileDelete (A file delete was detected),NT AUTHORITY\SYSTEM,,"ProcessID: 10220, ProcessGUID: 817bddf3-3685-65cc-2e02-000000001900",RuleName: Executables,"SHA1=BB91AE1F2F7142B9099E3CC285F4F5B84DE568E4,MD5=B158D8D605571EA47A238DF5AB43DFAA,SHA256=CA763693CC25D316F14A9EBAD80EBF00590329550C45ADB7E5205486533C2504,IMPHASH=8B52E108EA5F90B3A554E42291127487",TargetFilename: C:\Windows\Installer\MSIC65F.tmp,IsExecutable: True,Archived: true,C:\Windows\system32\msiexec.exe,False,C:\DFIR\Cases\unit42\Microsoft-Windows-Sysmon-Operational.evtx,Classic,0,"{""EventData"":{""Data"":[{""@Name"":""RuleName"",""#text"":""Executables""},{""@Name"":""UtcTime"",""#text"":""2024-02-14 03:41:58.248""},{""@Name"":""ProcessGuid"",""#text"":""817bddf3-3685-65cc-2e02-000000001900""},{""@Name"":""ProcessId"",""#text"":""10220""},{""@Name"":""User"",""#text"":""NT AUTHORITY\\SYSTEM""},{""@Name"":""Image"",""#text"":""C:\\Windows\\system32\\msiexec.exe""},{""@Name"":""TargetFilename"",""#text"":""C:\\Windows\\Installer\\MSIC65F.tmp""},{""@Name"":""Hashes"",""#text"":""SHA1=BB91AE1F2F7142B9099E3CC285F4F5B84DE568E4,MD5=B158D8D605571EA47A238DF5AB43DFAA,SHA256=CA763693CC25D316F14A9EBAD80EBF00590329550C45ADB7E5205486533C2504,IMPHASH=8B52E108EA5F90B3A554E42291127487""},{""@Name"":""IsExecutable"",""#text"":""True""},{""@Name"":""Archived"",""#text"":""true""}]}}"
88,118834,2024-02-14 03:41:58.2642637,11,Info,Microsoft-Windows-Sysmon,Microsoft-Windows-Sysmon/Operational,3028,4412,DESKTOP-887GK2L,1,S-1-5-18,FileCreate,NT AUTHORITY\SYSTEM,,"ProcessID: 10220, ProcessGUID: 817bddf3-3685-65cc-2e02-000000001900","RuleName: technique_id=T1574.010,technique_name=Services File Permissions Weakness",Image: C:\Windows\system32\msiexec.exe,TargetFilename: C:\Windows\Installer\MSIC670.tmp,,,,False,C:\DFIR\Cases\unit42\Microsoft-Windows-Sysmon-Operational.evtx,Classic,0,"{""EventData"":{""Data"":[{""@Name"":""RuleName"",""#text"":""technique_id=T1574.010,technique_name=Services File Permissions Weakness""},{""@Name"":""UtcTime"",""#text"":""2024-02-14 03:41:58.248""},{""@Name"":""ProcessGuid"",""#text"":""817bddf3-3685-65cc-2e02-000000001900""},{""@Name"":""ProcessId"",""#text"":""10220""},{""@Name"":""Image"",""#text"":""C:\\Windows\\system32\\msiexec.exe""},{""@Name"":""TargetFilename"",""#text"":""C:\\Windows\\Installer\\MSIC670.tmp""},{""@Name"":""CreationUtcTime"",""#text"":""2024-02-14 03:41:58.248""},{""@Name"":""User"",""#text"":""NT AUTHORITY\\SYSTEM""}]}}"
89,118835,2024-02-14 03:41:58.2849552,23,Info,Microsoft-Windows-Sysmon,Microsoft-Windows-Sysmon/Operational,3028,4412,DESKTOP-887GK2L,1,S-1-5-18,FileDelete (A file delete was detected),NT AUTHORITY\SYSTEM,,"ProcessID: 10220, ProcessGUID: 817bddf3-3685-65cc-2e02-000000001900",RuleName: Executables,"SHA1=BB91AE1F2F7142B9099E3CC285F4F5B84DE568E4,MD5=B158D8D605571EA47A238DF5AB43DFAA,SHA256=CA763693CC25D316F14A9EBAD80EBF00590329550C45ADB7E5205486533C2504,IMPHASH=8B52E108EA5F90B3A554E42291127487",TargetFilename: C:\Windows\Installer\MSIC670.tmp,IsExecutable: True,Archived: true,C:\Windows\system32\msiexec.exe,False,C:\DFIR\Cases\unit42\Microsoft-Windows-Sysmon-Operational.evtx,Classic,0,"{""EventData"":{""Data"":[{""@Name"":""RuleName"",""#text"":""Executables""},{""@Name"":""UtcTime"",""#text"":""2024-02-14 03:41:58.280""},{""@Name"":""ProcessGuid"",""#text"":""817bddf3-3685-65cc-2e02-000000001900""},{""@Name"":""ProcessId"",""#text"":""10220""},{""@Name"":""User"",""#text"":""NT AUTHORITY\\SYSTEM""},{""@Name"":""Image"",""#text"":""C:\\Windows\\system32\\msiexec.exe""},{""@Name"":""TargetFilename"",""#text"":""C:\\Windows\\Installer\\MSIC670.tmp""},{""@Name"":""Hashes"",""#text"":""SHA1=BB91AE1F2F7142B9099E3CC285F4F5B84DE568E4,MD5=B158D8D605571EA47A238DF5AB43DFAA,SHA256=CA763693CC25D316F14A9EBAD80EBF00590329550C45ADB7E5205486533C2504,IMPHASH=8B52E108EA5F90B3A554E42291127487""},{""@Name"":""IsExecutable"",""#text"":""True""},{""@Name"":""Archived"",""#text"":""true""}]}}"
90,118836,2024-02-14 03:41:58.2910039,11,Info,Microsoft-Windows-Sysmon,Microsoft-Windows-Sysmon/Operational,3028,4412,DESKTOP-887GK2L,1,S-1-5-18,FileCreate,NT AUTHORITY\SYSTEM,,"ProcessID: 10220, ProcessGUID: 817bddf3-3685-65cc-2e02-000000001900","RuleName: technique_id=T1574.010,technique_name=Services File Permissions Weakness",Image: C:\Windows\system32\msiexec.exe,TargetFilename: C:\Windows\Installer\MSIC690.tmp,,,,False,C:\DFIR\Cases\unit42\Microsoft-Windows-Sysmon-Operational.evtx,Classic,0,"{""EventData"":{""Data"":[{""@Name"":""RuleName"",""#text"":""technique_id=T1574.010,technique_name=Services File Permissions Weakness""},{""@Name"":""UtcTime"",""#text"":""2024-02-14 03:41:58.280""},{""@Name"":""ProcessGuid"",""#text"":""817bddf3-3685-65cc-2e02-000000001900""},{""@Name"":""ProcessId"",""#text"":""10220""},{""@Name"":""Image"",""#text"":""C:\\Windows\\system32\\msiexec.exe""},{""@Name"":""TargetFilename"",""#text"":""C:\\Windows\\Installer\\MSIC690.tmp""},{""@Name"":""CreationUtcTime"",""#text"":""2024-02-14 03:41:58.280""},{""@Name"":""User"",""#text"":""NT AUTHORITY\\SYSTEM""}]}}"
91,118837,2024-02-14 03:41:58.3063181,23,Info,Microsoft-Windows-Sysmon,Microsoft-Windows-Sysmon/Operational,3028,4412,DESKTOP-887GK2L,1,S-1-5-18,FileDelete (A file delete was detected),NT AUTHORITY\SYSTEM,,"ProcessID: 10220, ProcessGUID: 817bddf3-3685-65cc-2e02-000000001900",RuleName: Executables,"SHA1=BB91AE1F2F7142B9099E3CC285F4F5B84DE568E4,MD5=B158D8D605571EA47A238DF5AB43DFAA,SHA256=CA763693CC25D316F14A9EBAD80EBF00590329550C45ADB7E5205486533C2504,IMPHASH=8B52E108EA5F90B3A554E42291127487",TargetFilename: C:\Windows\Installer\MSIC690.tmp,IsExecutable: True,Archived: true,C:\Windows\system32\msiexec.exe,False,C:\DFIR\Cases\unit42\Microsoft-Windows-Sysmon-Operational.evtx,Classic,0,"{""EventData"":{""Data"":[{""@Name"":""RuleName"",""#text"":""Executables""},{""@Name"":""UtcTime"",""#text"":""2024-02-14 03:41:58.295""},{""@Name"":""ProcessGuid"",""#text"":""817bddf3-3685-65cc-2e02-000000001900""},{""@Name"":""ProcessId"",""#text"":""10220""},{""@Name"":""User"",""#text"":""NT AUTHORITY\\SYSTEM""},{""@Name"":""Image"",""#text"":""C:\\Windows\\system32\\msiexec.exe""},{""@Name"":""TargetFilename"",""#text"":""C:\\Windows\\Installer\\MSIC690.tmp""},{""@Name"":""Hashes"",""#text"":""SHA1=BB91AE1F2F7142B9099E3CC285F4F5B84DE568E4,MD5=B158D8D605571EA47A238DF5AB43DFAA,SHA256=CA763693CC25D316F14A9EBAD80EBF00590329550C45ADB7E5205486533C2504,IMPHASH=8B52E108EA5F90B3A554E42291127487""},{""@Name"":""IsExecutable"",""#text"":""True""},{""@Name"":""Archived"",""#text"":""true""}]}}"
92,118838,2024-02-14 03:41:58.3344279,11,Info,Microsoft-Windows-Sysmon,Microsoft-Windows-Sysmon/Operational,3028,4412,DESKTOP-887GK2L,1,S-1-5-18,FileCreate,NT AUTHORITY\SYSTEM,,"ProcessID: 10220, ProcessGUID: 817bddf3-3685-65cc-2e02-000000001900","RuleName: technique_id=T1574.010,technique_name=Services File Permissions Weakness",Image: C:\Windows\system32\msiexec.exe,TargetFilename: C:\Windows\Installer\MSIC6C0.tmp,,,,False,C:\DFIR\Cases\unit42\Microsoft-Windows-Sysmon-Operational.evtx,Classic,0,"{""EventData"":{""Data"":[{""@Name"":""RuleName"",""#text"":""technique_id=T1574.010,technique_name=Services File Permissions Weakness""},{""@Name"":""UtcTime"",""#text"":""2024-02-14 03:41:58.327""},{""@Name"":""ProcessGuid"",""#text"":""817bddf3-3685-65cc-2e02-000000001900""},{""@Name"":""ProcessId"",""#text"":""10220""},{""@Name"":""Image"",""#text"":""C:\\Windows\\system32\\msiexec.exe""},{""@Name"":""TargetFilename"",""#text"":""C:\\Windows\\Installer\\MSIC6C0.tmp""},{""@Name"":""CreationUtcTime"",""#text"":""2024-02-14 03:41:58.327""},{""@Name"":""User"",""#text"":""NT AUTHORITY\\SYSTEM""}]}}"
93,118839,2024-02-14 03:41:58.4045440,2,Info,Microsoft-Windows-Sysmon,Microsoft-Windows-Sysmon/Operational,3028,4412,DESKTOP-887GK2L,1,S-1-5-18,A process changed a file creation time,DESKTOP-887GK2L\CyberJunkie,,"ProcessID: 10672, ProcessGUID: 817bddf3-3684-65cc-2d02-000000001900","RuleName: technique_id=T1070.006,technique_name=Timestomp",Image: C:\Users\CyberJunkie\Downloads\Preventivo24.02.14.exe.exe,TargetFilename: C:\Users\CyberJunkie\AppData\Roaming\Photo and Fax Vn\Photo and vn 1.1.2\install\F97891C\WindowsVolume\Games\powercfg.msi,CreationTimeUTC: 2024-01-10 18:12:27.357,PreviousCreationTimeUTC: 2024-02-14 03:41:58.389,,False,C:\DFIR\Cases\unit42\Microsoft-Windows-Sysmon-Operational.evtx,Classic,0,"{""EventData"":{""Data"":[{""@Name"":""RuleName"",""#text"":""technique_id=T1070.006,technique_name=Timestomp""},{""@Name"":""UtcTime"",""#text"":""2024-02-14 03:41:58.389""},{""@Name"":""ProcessGuid"",""#text"":""817bddf3-3684-65cc-2d02-000000001900""},{""@Name"":""ProcessId"",""#text"":""10672""},{""@Name"":""Image"",""#text"":""C:\\Users\\CyberJunkie\\Downloads\\Preventivo24.02.14.exe.exe""},{""@Name"":""TargetFilename"",""#text"":""C:\\Users\\CyberJunkie\\AppData\\Roaming\\Photo and Fax Vn\\Photo and vn 1.1.2\\install\\F97891C\\WindowsVolume\\Games\\powercfg.msi""},{""@Name"":""CreationUtcTime"",""#text"":""2024-01-10 18:12:27.357""},{""@Name"":""PreviousCreationUtcTime"",""#text"":""2024-02-14 03:41:58.389""},{""@Name"":""User"",""#text"":""DESKTOP-887GK2L\\CyberJunkie""}]}}"
94,118840,2024-02-14 03:41:58.4048771,11,Info,Microsoft-Windows-Sysmon,Microsoft-Windows-Sysmon/Operational,3028,4412,DESKTOP-887GK2L,1,S-1-5-18,FileCreate,DESKTOP-887GK2L\CyberJunkie,,"ProcessID: 10672, ProcessGUID: 817bddf3-3684-65cc-2d02-000000001900",RuleName: -,Image: C:\Users\CyberJunkie\Downloads\Preventivo24.02.14.exe.exe,TargetFilename: C:\Users\CyberJunkie\AppData\Roaming\Photo and Fax Vn\Photo and vn 1.1.2\install\F97891C\WindowsVolume\Games\c.cmd,,,,False,C:\DFIR\Cases\unit42\Microsoft-Windows-Sysmon-Operational.evtx,Classic,0,"{""EventData"":{""Data"":[{""@Name"":""RuleName"",""#text"":""-""},{""@Name"":""UtcTime"",""#text"":""2024-02-14 03:41:58.389""},{""@Name"":""ProcessGuid"",""#text"":""817bddf3-3684-65cc-2d02-000000001900""},{""@Name"":""ProcessId"",""#text"":""10672""},{""@Name"":""Image"",""#text"":""C:\\Users\\CyberJunkie\\Downloads\\Preventivo24.02.14.exe.exe""},{""@Name"":""TargetFilename"",""#text"":""C:\\Users\\CyberJunkie\\AppData\\Roaming\\Photo and Fax Vn\\Photo and vn 1.1.2\\install\\F97891C\\WindowsVolume\\Games\\c.cmd""},{""@Name"":""CreationUtcTime"",""#text"":""2024-02-14 03:41:58.389""},{""@Name"":""User"",""#text"":""DESKTOP-887GK2L\\CyberJunkie""}]}}"
95,118841,2024-02-14 03:41:58.4053804,2,Info,Microsoft-Windows-Sysmon,Microsoft-Windows-Sysmon/Operational,3028,4412,DESKTOP-887GK2L,1,S-1-5-18,A process changed a file creation time,DESKTOP-887GK2L\CyberJunkie,,"ProcessID: 10672, ProcessGUID: 817bddf3-3684-65cc-2d02-000000001900","RuleName: technique_id=T1070.006,technique_name=Timestomp",Image: C:\Users\CyberJunkie\Downloads\Preventivo24.02.14.exe.exe,TargetFilename: C:\Users\CyberJunkie\AppData\Roaming\Photo and Fax Vn\Photo and vn 1.1.2\install\F97891C\WindowsVolume\Games\c.cmd,CreationTimeUTC: 2024-01-10 18:12:26.295,PreviousCreationTimeUTC: 2024-02-14 03:41:58.389,,False,C:\DFIR\Cases\unit42\Microsoft-Windows-Sysmon-Operational.evtx,Classic,0,"{""EventData"":{""Data"":[{""@Name"":""RuleName"",""#text"":""technique_id=T1070.006,technique_name=Timestomp""},{""@Name"":""UtcTime"",""#text"":""2024-02-14 03:41:58.404""},{""@Name"":""ProcessGuid"",""#text"":""817bddf3-3684-65cc-2d02-000000001900""},{""@Name"":""ProcessId"",""#text"":""10672""},{""@Name"":""Image"",""#text"":""C:\\Users\\CyberJunkie\\Downloads\\Preventivo24.02.14.exe.exe""},{""@Name"":""TargetFilename"",""#text"":""C:\\Users\\CyberJunkie\\AppData\\Roaming\\Photo and Fax Vn\\Photo and vn 1.1.2\\install\\F97891C\\WindowsVolume\\Games\\c.cmd""},{""@Name"":""CreationUtcTime"",""#text"":""2024-01-10 18:12:26.295""},{""@Name"":""PreviousCreationUtcTime"",""#text"":""2024-02-14 03:41:58.389""},{""@Name"":""User"",""#text"":""DESKTOP-887GK2L\\CyberJunkie""}]}}"
96,118842,2024-02-14 03:41:58.4056902,11,Info,Microsoft-Windows-Sysmon,Microsoft-Windows-Sysmon/Operational,3028,4412,DESKTOP-887GK2L,1,S-1-5-18,FileCreate,DESKTOP-887GK2L\CyberJunkie,,"ProcessID: 10672, ProcessGUID: 817bddf3-3684-65cc-2d02-000000001900",RuleName: -,Image: C:\Users\CyberJunkie\Downloads\Preventivo24.02.14.exe.exe,TargetFilename: C:\Users\CyberJunkie\AppData\Roaming\Photo and Fax Vn\Photo and vn 1.1.2\install\F97891C\WindowsVolume\Games\cmmc.cmd,,,,False,C:\DFIR\Cases\unit42\Microsoft-Windows-Sysmon-Operational.evtx,Classic,0,"{""EventData"":{""Data"":[{""@Name"":""RuleName"",""#text"":""-""},{""@Name"":""UtcTime"",""#text"":""2024-02-14 03:41:58.404""},{""@Name"":""ProcessGuid"",""#text"":""817bddf3-3684-65cc-2d02-000000001900""},{""@Name"":""ProcessId"",""#text"":""10672""},{""@Name"":""Image"",""#text"":""C:\\Users\\CyberJunkie\\Downloads\\Preventivo24.02.14.exe.exe""},{""@Name"":""TargetFilename"",""#text"":""C:\\Users\\CyberJunkie\\AppData\\Roaming\\Photo and Fax Vn\\Photo and vn 1.1.2\\install\\F97891C\\WindowsVolume\\Games\\cmmc.cmd""},{""@Name"":""CreationUtcTime"",""#text"":""2024-02-14 03:41:58.404""},{""@Name"":""User"",""#text"":""DESKTOP-887GK2L\\CyberJunkie""}]}}"
