136,118882,2024-02-14 03:41:58.6554533,23,Info,Microsoft-Windows-Sysmon,Microsoft-Windows-Sysmon/Operational,3028,4412,DESKTOP-887GK2L,2,S-1-5-18,FileDelete (A file delete was detected),NT AUTHORITY\SYSTEM,,"ProcessID: 10220, ProcessGUID: 817bddf3-3685-65cc-2e02-000000001900",RuleName: other interesting files,"SHA1=46167254D9A5475A3D0A36DCDB7F4031A8B148D1,MD5=ADC098D9A02A0A0710E8A7D6D2BFEA1D,SHA256=B73B46F35142989A10C91AA887F94037271B8EE7148CC3BFB061AE9848ED1FD9,IMPHASH=00000000000000000000000000000000",TargetFilename: C:\Windows\Installer\17c5a1.msi,IsExecutable: False,Archived: true,C:\Windows\system32\msiexec.exe,False,C:\DFIR\Cases\unit42\Microsoft-Windows-Sysmon-Operational.evtx,Classic,0,"{""EventData"":{""Data"":[{""@Name"":""RuleName"",""#text"":""other interesting files""},{""@Name"":""UtcTime"",""#text"":""2024-02-14 03:41:58.655""},{""@Name"":""ProcessGuid"",""#text"":""817bddf3-3685-65cc-2e02-000000001900""},{""@Name"":""ProcessId"",""#text"":""10220""},{""@Name"":""User"",""#text"":""NT AUTHORITY\\SYSTEM""},{""@Name"":""Image"",""#text"":""C:\\Windows\\system32\\msiexec.exe""},{""@Name"":""TargetFilename"",""#text"":""C:\\Windows\\Installer\\17c5a1.msi""},{""@Name"":""Hashes"",""#text"":""SHA1=46167254D9A5475A3D0A36DCDB7F4031A8B148D1,MD5=ADC098D9A02A0A0710E8A7D6D2BFEA1D,SHA256=B73B46F35142989A10C91AA887F94037271B8EE7148CC3BFB061AE9848ED1FD9,IMPHASH=00000000000000000000000000000000""},{""@Name"":""IsExecutable"",""#text"":""False""},{""@Name"":""Archived"",""#text"":""true""}]}}"
137,118883,2024-02-14 03:41:58.6586108,11,Info,Microsoft-Windows-Sysmon,Microsoft-Windows-Sysmon/Operational,3028,4412,DESKTOP-887GK2L,2,S-1-5-18,FileCreate,NT AUTHORITY\SYSTEM,,"ProcessID: 10220, ProcessGUID: 817bddf3-3685-65cc-2e02-000000001900","RuleName: technique_id=T1574.010,technique_name=Services File Permissions Weakness",Image: C:\Windows\system32\msiexec.exe,TargetFilename: C:\Windows\Temp\~DF6B36AD641199B0BF.TMP,,,,False,C:\DFIR\Cases\unit42\Microsoft-Windows-Sysmon-Operational.evtx,Classic,0,"{""EventData"":{""Data"":[{""@Name"":""RuleName"",""#text"":""technique_id=T1574.010,technique_name=Services File Permissions Weakness""},{""@Name"":""UtcTime"",""#text"":""2024-02-14 03:41:58.655""},{""@Name"":""ProcessGuid"",""#text"":""817bddf3-3685-65cc-2e02-000000001900""},{""@Name"":""ProcessId"",""#text"":""10220""},{""@Name"":""Image"",""#text"":""C:\\Windows\\system32\\msiexec.exe""},{""@Name"":""TargetFilename"",""#text"":""C:\\Windows\\Temp\\~DF6B36AD641199B0BF.TMP""},{""@Name"":""CreationUtcTime"",""#text"":""2024-02-14 03:41:58.655""},{""@Name"":""User"",""#text"":""NT AUTHORITY\\SYSTEM""}]}}"
138,118884,2024-02-14 03:41:58.6597400,11,Info,Microsoft-Windows-Sysmon,Microsoft-Windows-Sysmon/Operational,3028,4412,DESKTOP-887GK2L,2,S-1-5-18,FileCreate,NT AUTHORITY\SYSTEM,,"ProcessID: 10220, ProcessGUID: 817bddf3-3685-65cc-2e02-000000001900","RuleName: technique_id=T1574.010,technique_name=Services File Permissions Weakness",Image: C:\Windows\system32\msiexec.exe,TargetFilename: C:\Windows\Temp\~DFC3CF03F20917C7B5.TMP,,,,False,C:\DFIR\Cases\unit42\Microsoft-Windows-Sysmon-Operational.evtx,Classic,0,"{""EventData"":{""Data"":[{""@Name"":""RuleName"",""#text"":""technique_id=T1574.010,technique_name=Services File Permissions Weakness""},{""@Name"":""UtcTime"",""#text"":""2024-02-14 03:41:58.655""},{""@Name"":""ProcessGuid"",""#text"":""817bddf3-3685-65cc-2e02-000000001900""},{""@Name"":""ProcessId"",""#text"":""10220""},{""@Name"":""Image"",""#text"":""C:\\Windows\\system32\\msiexec.exe""},{""@Name"":""TargetFilename"",""#text"":""C:\\Windows\\Temp\\~DFC3CF03F20917C7B5.TMP""},{""@Name"":""CreationUtcTime"",""#text"":""2024-02-14 03:41:58.655""},{""@Name"":""User"",""#text"":""NT AUTHORITY\\SYSTEM""}]}}"
139,118885,2024-02-14 03:41:58.6617247,11,Info,Microsoft-Windows-Sysmon,Microsoft-Windows-Sysmon/Operational,3028,4412,DESKTOP-887GK2L,2,S-1-5-18,FileCreate,NT AUTHORITY\SYSTEM,,"ProcessID: 10220, ProcessGUID: 817bddf3-3685-65cc-2e02-000000001900","RuleName: technique_id=T1574.010,technique_name=Services File Permissions Weakness",Image: C:\Windows\system32\msiexec.exe,TargetFilename: C:\Windows\Temp\~DFCF343AEE22609D1A.TMP,,,,False,C:\DFIR\Cases\unit42\Microsoft-Windows-Sysmon-Operational.evtx,Classic,0,"{""EventData"":{""Data"":[{""@Name"":""RuleName"",""#text"":""technique_id=T1574.010,technique_name=Services File Permissions Weakness""},{""@Name"":""UtcTime"",""#text"":""2024-02-14 03:41:58.655""},{""@Name"":""ProcessGuid"",""#text"":""817bddf3-3685-65cc-2e02-000000001900""},{""@Name"":""ProcessId"",""#text"":""10220""},{""@Name"":""Image"",""#text"":""C:\\Windows\\system32\\msiexec.exe""},{""@Name"":""TargetFilename"",""#text"":""C:\\Windows\\Temp\\~DFCF343AEE22609D1A.TMP""},{""@Name"":""CreationUtcTime"",""#text"":""2024-02-14 03:41:58.655""},{""@Name"":""User"",""#text"":""NT AUTHORITY\\SYSTEM""}]}}"
140,118886,2024-02-14 03:41:58.6628409,11,Info,Microsoft-Windows-Sysmon,Microsoft-Windows-Sysmon/Operational,3028,4412,DESKTOP-887GK2L,2,S-1-5-18,FileCreate,NT AUTHORITY\SYSTEM,,"ProcessID: 10220, ProcessGUID: 817bddf3-3685-65cc-2e02-000000001900","RuleName: technique_id=T1574.010,technique_name=Services File Permissions Weakness",Image: C:\Windows\system32\msiexec.exe,TargetFilename: C:\Windows\Temp\~DF510BE11EEE4A3FC7.TMP,,,,False,C:\DFIR\Cases\unit42\Microsoft-Windows-Sysmon-Operational.evtx,Classic,0,"{""EventData"":{""Data"":[{""@Name"":""RuleName"",""#text"":""technique_id=T1574.010,technique_name=Services File Permissions Weakness""},{""@Name"":""UtcTime"",""#text"":""2024-02-14 03:41:58.655""},{""@Name"":""ProcessGuid"",""#text"":""817bddf3-3685-65cc-2e02-000000001900""},{""@Name"":""ProcessId"",""#text"":""10220""},{""@Name"":""Image"",""#text"":""C:\\Windows\\system32\\msiexec.exe""},{""@Name"":""TargetFilename"",""#text"":""C:\\Windows\\Temp\\~DF510BE11EEE4A3FC7.TMP""},{""@Name"":""CreationUtcTime"",""#text"":""2024-02-14 03:41:58.655""},{""@Name"":""User"",""#text"":""NT AUTHORITY\\SYSTEM""}]}}"
141,118887,2024-02-14 03:41:58.6679000,13,Info,Microsoft-Windows-Sysmon,Microsoft-Windows-Sysmon/Operational,3028,4412,DESKTOP-887GK2L,2,S-1-5-18,RegistryEvent (Value Set),DESKTOP-887GK2L\CyberJunkie,,"ProcessID: 10280, ProcessGUID: 817bddf3-3686-65cc-3102-000000001900","RuleName: technique_id=T1543,technique_name=Service Creation",Image: C:\Windows\syswow64\MsiExec.exe,EventType: SetValue,TargetObject: HKLM\System\CurrentControlSet\Services\bam\State\UserSettings\S-1-5-21-3393683511-3463148672-371912004-1001\\Device\HarddiskVolume3\Windows\SysWOW64\msiexec.exe,Details: Binary Data,,False,C:\DFIR\Cases\unit42\Microsoft-Windows-Sysmon-Operational.evtx,Classic,0,"{""EventData"":{""Data"":[{""@Name"":""RuleName"",""#text"":""technique_id=T1543,technique_name=Service Creation""},{""@Name"":""EventType"",""#text"":""SetValue""},{""@Name"":""UtcTime"",""#text"":""2024-02-14 03:41:58.655""},{""@Name"":""ProcessGuid"",""#text"":""817bddf3-3686-65cc-3102-000000001900""},{""@Name"":""ProcessId"",""#text"":""10280""},{""@Name"":""Image"",""#text"":""C:\\Windows\\syswow64\\MsiExec.exe""},{""@Name"":""TargetObject"",""#text"":""HKLM\\System\\CurrentControlSet\\Services\\bam\\State\\UserSettings\\S-1-5-21-3393683511-3463148672-371912004-1001\\\\Device\\HarddiskVolume3\\Windows\\SysWOW64\\msiexec.exe""},{""@Name"":""Details"",""#text"":""Binary Data""},{""@Name"":""User"",""#text"":""DESKTOP-887GK2L\\CyberJunkie""}]}}"
142,118888,2024-02-14 03:41:58.6695287,11,Info,Microsoft-Windows-Sysmon,Microsoft-Windows-Sysmon/Operational,3028,4412,DESKTOP-887GK2L,2,S-1-5-18,FileCreate,NT AUTHORITY\SYSTEM,,"ProcessID: 1668, ProcessGUID: 817bddf3-307d-65cc-2200-000000001900","RuleName: technique_id=T1574.010,technique_name=Services File Permissions Weakness",Image: C:\Windows\system32\svchost.exe,TargetFilename: C:\Windows\Prefetch\MSIEXEC.EXE-CDBFC0F7.pf,,,,False,C:\DFIR\Cases\unit42\Microsoft-Windows-Sysmon-Operational.evtx,Classic,0,"{""EventData"":{""Data"":[{""@Name"":""RuleName"",""#text"":""technique_id=T1574.010,technique_name=Services File Permissions Weakness""},{""@Name"":""UtcTime"",""#text"":""2024-02-14 03:41:58.655""},{""@Name"":""ProcessGuid"",""#text"":""817bddf3-307d-65cc-2200-000000001900""},{""@Name"":""ProcessId"",""#text"":""1668""},{""@Name"":""Image"",""#text"":""C:\\Windows\\system32\\svchost.exe""},{""@Name"":""TargetFilename"",""#text"":""C:\\Windows\\Prefetch\\MSIEXEC.EXE-CDBFC0F7.pf""},{""@Name"":""CreationUtcTime"",""#text"":""2024-02-14 03:21:11.996""},{""@Name"":""User"",""#text"":""NT AUTHORITY\\SYSTEM""}]}}"
143,118889,2024-02-14 03:41:58.6829270,13,Info,Microsoft-Windows-Sysmon,Microsoft-Windows-Sysmon/Operational,3028,4412,DESKTOP-887GK2L,2,S-1-5-18,RegistryEvent (Value Set),DESKTOP-887GK2L\CyberJunkie,,"ProcessID: 10324, ProcessGUID: 817bddf3-3685-65cc-3002-000000001900","RuleName: technique_id=T1543,technique_name=Service Creation",Image: C:\Windows\SysWOW64\msiexec.exe,EventType: SetValue,TargetObject: HKLM\System\CurrentControlSet\Services\bam\State\UserSettings\S-1-5-21-3393683511-3463148672-371912004-1001\\Device\HarddiskVolume3\Windows\SysWOW64\msiexec.exe,Details: Binary Data,,False,C:\DFIR\Cases\unit42\Microsoft-Windows-Sysmon-Operational.evtx,Classic,0,"{""EventData"":{""Data"":[{""@Name"":""RuleName"",""#text"":""technique_id=T1543,technique_name=Service Creation""},{""@Name"":""EventType"",""#text"":""SetValue""},{""@Name"":""UtcTime"",""#text"":""2024-02-14 03:41:58.670""},{""@Name"":""ProcessGuid"",""#text"":""817bddf3-3685-65cc-3002-000000001900""},{""@Name"":""ProcessId"",""#text"":""10324""},{""@Name"":""Image"",""#text"":""C:\\Windows\\SysWOW64\\msiexec.exe""},{""@Name"":""TargetObject"",""#text"":""HKLM\\System\\CurrentControlSet\\Services\\bam\\State\\UserSettings\\S-1-5-21-3393683511-3463148672-371912004-1001\\\\Device\\HarddiskVolume3\\Windows\\SysWOW64\\msiexec.exe""},{""@Name"":""Details"",""#text"":""Binary Data""},{""@Name"":""User"",""#text"":""DESKTOP-887GK2L\\CyberJunkie""}]}}"
144,118890,2024-02-14 03:41:58.6848507,11,Info,Microsoft-Windows-Sysmon,Microsoft-Windows-Sysmon/Operational,3028,4412,DESKTOP-887GK2L,2,S-1-5-18,FileCreate,NT AUTHORITY\SYSTEM,,"ProcessID: 1668, ProcessGUID: 817bddf3-307d-65cc-2200-000000001900","RuleName: technique_id=T1574.010,technique_name=Services File Permissions Weakness",Image: C:\Windows\system32\svchost.exe,TargetFilename: C:\Windows\Prefetch\MSIEXEC.EXE-CDBFC0F7.pf,,,,False,C:\DFIR\Cases\unit42\Microsoft-Windows-Sysmon-Operational.evtx,Classic,0,"{""EventData"":{""Data"":[{""@Name"":""RuleName"",""#text"":""technique_id=T1574.010,technique_name=Services File Permissions Weakness""},{""@Name"":""UtcTime"",""#text"":""2024-02-14 03:41:58.670""},{""@Name"":""ProcessGuid"",""#text"":""817bddf3-307d-65cc-2200-000000001900""},{""@Name"":""ProcessId"",""#text"":""1668""},{""@Name"":""Image"",""#text"":""C:\\Windows\\system32\\svchost.exe""},{""@Name"":""TargetFilename"",""#text"":""C:\\Windows\\Prefetch\\MSIEXEC.EXE-CDBFC0F7.pf""},{""@Name"":""CreationUtcTime"",""#text"":""2024-02-14 03:21:11.996""},{""@Name"":""User"",""#text"":""NT AUTHORITY\\SYSTEM""}]}}"
145,118891,2024-02-14 03:41:58.6909213,13,Info,Microsoft-Windows-Sysmon,Microsoft-Windows-Sysmon/Operational,3028,4412,DESKTOP-887GK2L,2,S-1-5-18,RegistryEvent (Value Set),DESKTOP-887GK2L\CyberJunkie,,"ProcessID: 6996, ProcessGUID: 817bddf3-3685-65cc-2f02-000000001900","RuleName: technique_id=T1543,technique_name=Service Creation",Image: C:\Windows\syswow64\MsiExec.exe,EventType: SetValue,TargetObject: HKLM\System\CurrentControlSet\Services\bam\State\UserSettings\S-1-5-21-3393683511-3463148672-371912004-1001\\Device\HarddiskVolume3\Windows\SysWOW64\msiexec.exe,Details: Binary Data,,False,C:\DFIR\Cases\unit42\Microsoft-Windows-Sysmon-Operational.evtx,Classic,0,"{""EventData"":{""Data"":[{""@Name"":""RuleName"",""#text"":""technique_id=T1543,technique_name=Service Creation""},{""@Name"":""EventType"",""#text"":""SetValue""},{""@Name"":""UtcTime"",""#text"":""2024-02-14 03:41:58.686""},{""@Name"":""ProcessGuid"",""#text"":""817bddf3-3685-65cc-2f02-000000001900""},{""@Name"":""ProcessId"",""#text"":""6996""},{""@Name"":""Image"",""#text"":""C:\\Windows\\syswow64\\MsiExec.exe""},{""@Name"":""TargetObject"",""#text"":""HKLM\\System\\CurrentControlSet\\Services\\bam\\State\\UserSettings\\S-1-5-21-3393683511-3463148672-371912004-1001\\\\Device\\HarddiskVolume3\\Windows\\SysWOW64\\msiexec.exe""},{""@Name"":""Details"",""#text"":""Binary Data""},{""@Name"":""User"",""#text"":""DESKTOP-887GK2L\\CyberJunkie""}]}}"
146,118892,2024-02-14 03:41:58.6927463,11,Info,Microsoft-Windows-Sysmon,Microsoft-Windows-Sysmon/Operational,3028,4412,DESKTOP-887GK2L,2,S-1-5-18,FileCreate,NT AUTHORITY\SYSTEM,,"ProcessID: 1668, ProcessGUID: 817bddf3-307d-65cc-2200-000000001900","RuleName: technique_id=T1574.010,technique_name=Services File Permissions Weakness",Image: C:\Windows\system32\svchost.exe,TargetFilename: C:\Windows\Prefetch\MSIEXEC.EXE-CDBFC0F7.pf,,,,False,C:\DFIR\Cases\unit42\Microsoft-Windows-Sysmon-Operational.evtx,Classic,0,"{""EventData"":{""Data"":[{""@Name"":""RuleName"",""#text"":""technique_id=T1574.010,technique_name=Services File Permissions Weakness""},{""@Name"":""UtcTime"",""#text"":""2024-02-14 03:41:58.686""},{""@Name"":""ProcessGuid"",""#text"":""817bddf3-307d-65cc-2200-000000001900""},{""@Name"":""ProcessId"",""#text"":""1668""},{""@Name"":""Image"",""#text"":""C:\\Windows\\system32\\svchost.exe""},{""@Name"":""TargetFilename"",""#text"":""C:\\Windows\\Prefetch\\MSIEXEC.EXE-CDBFC0F7.pf""},{""@Name"":""CreationUtcTime"",""#text"":""2024-02-14 03:21:11.996""},{""@Name"":""User"",""#text"":""NT AUTHORITY\\SYSTEM""}]}}"
147,118893,2024-02-14 03:41:58.6986349,7,Info,Microsoft-Windows-Sysmon,Microsoft-Windows-Sysmon/Operational,3028,4432,DESKTOP-887GK2L,2,S-1-5-18,Image loaded,DESKTOP-887GK2L\CyberJunkie,,"ProcessID: 10672, ProcessGUID: 817bddf3-3684-65cc-2d02-000000001900","RuleName: technique_id=T1053,technique_name=Scheduled Task","SHA1=C94CEC3A6F102EF38EB1D913D61A03B2100983FE,MD5=FF11E73B7D8A3A0822E95DD68DA10B13,SHA256=0F15534DC00A65E980CAA2E11F5D5251518D528F2F28165E9881B598BF64BDD1,IMPHASH=59BF7D0FAD0B5B7F706EA9250167BD5B",Signed: true,Image: C:\Users\CyberJunkie\Downloads\Preventivo24.02.14.exe.exe,,C:\Windows\SysWOW64\taskschd.dll,False,C:\DFIR\Cases\unit42\Microsoft-Windows-Sysmon-Operational.evtx,Classic,0,"{""EventData"":{""Data"":[{""@Name"":""RuleName"",""#text"":""technique_id=T1053,technique_name=Scheduled Task""},{""@Name"":""UtcTime"",""#text"":""2024-02-14 03:41:58.686""},{""@Name"":""ProcessGuid"",""#text"":""817bddf3-3684-65cc-2d02-000000001900""},{""@Name"":""ProcessId"",""#text"":""10672""},{""@Name"":""Image"",""#text"":""C:\\Users\\CyberJunkie\\Downloads\\Preventivo24.02.14.exe.exe""},{""@Name"":""ImageLoaded"",""#text"":""C:\\Windows\\SysWOW64\\taskschd.dll""},{""@Name"":""FileVersion"",""#text"":""10.0.19041.3636 (WinBuild.160101.0800)""},{""@Name"":""Description"",""#text"":""Task Scheduler COM API""},{""@Name"":""Product"",""#text"":""Microsoft® Windows® Operating System""},{""@Name"":""Company"",""#text"":""Microsoft Corporation""},{""@Name"":""OriginalFileName"",""#text"":""taskschd.dll""},{""@Name"":""Hashes"",""#text"":""SHA1=C94CEC3A6F102EF38EB1D913D61A03B2100983FE,MD5=FF11E73B7D8A3A0822E95DD68DA10B13,SHA256=0F15534DC00A65E980CAA2E11F5D5251518D528F2F28165E9881B598BF64BDD1,IMPHASH=59BF7D0FAD0B5B7F706EA9250167BD5B""},{""@Name"":""Signed"",""#text"":""true""},{""@Name"":""Signature"",""#text"":""Microsoft Windows""},{""@Name"":""SignatureStatus"",""#text"":""Valid""},{""@Name"":""User"",""#text"":""DESKTOP-887GK2L\\CyberJunkie""}]}}"
148,118894,2024-02-14 03:41:58.7347110,23,Info,Microsoft-Windows-Sysmon,Microsoft-Windows-Sysmon/Operational,3028,4412,DESKTOP-887GK2L,2,S-1-5-18,FileDelete (A file delete was detected),DESKTOP-887GK2L\CyberJunkie,,"ProcessID: 10672, ProcessGUID: 817bddf3-3684-65cc-2d02-000000001900",RuleName: other interesting files,"SHA1=46167254D9A5475A3D0A36DCDB7F4031A8B148D1,MD5=ADC098D9A02A0A0710E8A7D6D2BFEA1D,SHA256=B73B46F35142989A10C91AA887F94037271B8EE7148CC3BFB061AE9848ED1FD9,IMPHASH=00000000000000000000000000000000",TargetFilename: C:\Users\CyberJunkie\AppData\Roaming\Photo and Fax Vn\Photo and vn 1.1.2\install\F97891C\main1.msi,IsExecutable: False,Archived: true,C:\Users\CyberJunkie\Downloads\Preventivo24.02.14.exe.exe,False,C:\DFIR\Cases\unit42\Microsoft-Windows-Sysmon-Operational.evtx,Classic,0,"{""EventData"":{""Data"":[{""@Name"":""RuleName"",""#text"":""other interesting files""},{""@Name"":""UtcTime"",""#text"":""2024-02-14 03:41:58.733""},{""@Name"":""ProcessGuid"",""#text"":""817bddf3-3684-65cc-2d02-000000001900""},{""@Name"":""ProcessId"",""#text"":""10672""},{""@Name"":""User"",""#text"":""DESKTOP-887GK2L\\CyberJunkie""},{""@Name"":""Image"",""#text"":""C:\\Users\\CyberJunkie\\Downloads\\Preventivo24.02.14.exe.exe""},{""@Name"":""TargetFilename"",""#text"":""C:\\Users\\CyberJunkie\\AppData\\Roaming\\Photo and Fax Vn\\Photo and vn 1.1.2\\install\\F97891C\\main1.msi""},{""@Name"":""Hashes"",""#text"":""SHA1=46167254D9A5475A3D0A36DCDB7F4031A8B148D1,MD5=ADC098D9A02A0A0710E8A7D6D2BFEA1D,SHA256=B73B46F35142989A10C91AA887F94037271B8EE7148CC3BFB061AE9848ED1FD9,IMPHASH=00000000000000000000000000000000""},{""@Name"":""IsExecutable"",""#text"":""False""},{""@Name"":""Archived"",""#text"":""true""}]}}"
149,118895,2024-02-14 03:41:58.7361817,23,Info,Microsoft-Windows-Sysmon,Microsoft-Windows-Sysmon/Operational,3028,4412,DESKTOP-887GK2L,2,S-1-5-18,FileDelete (A file delete was detected),DESKTOP-887GK2L\CyberJunkie,,"ProcessID: 10672, ProcessGUID: 817bddf3-3684-65cc-2d02-000000001900",RuleName: Office documents,"SHA1=F93D54BC3E20316DD9B596D4EB0FE22BD9F1D4D8,MD5=E3B54910AAE9324A7D56E5B22044104E,SHA256=01FA678A302763B83703F0449FC63309CF7677FC119D2755DEFAD6DEA9D25BCD,IMPHASH=00000000000000000000000000000000",TargetFilename: C:\Users\CyberJunkie\AppData\Roaming\Photo and Fax Vn\Photo and vn 1.1.2\install\F97891C\TempFolder\~.pdf,IsExecutable: False,Archived: true,C:\Users\CyberJunkie\Downloads\Preventivo24.02.14.exe.exe,False,C:\DFIR\Cases\unit42\Microsoft-Windows-Sysmon-Operational.evtx,Classic,0,"{""EventData"":{""Data"":[{""@Name"":""RuleName"",""#text"":""Office documents""},{""@Name"":""UtcTime"",""#text"":""2024-02-14 03:41:58.733""},{""@Name"":""ProcessGuid"",""#text"":""817bddf3-3684-65cc-2d02-000000001900""},{""@Name"":""ProcessId"",""#text"":""10672""},{""@Name"":""User"",""#text"":""DESKTOP-887GK2L\\CyberJunkie""},{""@Name"":""Image"",""#text"":""C:\\Users\\CyberJunkie\\Downloads\\Preventivo24.02.14.exe.exe""},{""@Name"":""TargetFilename"",""#text"":""C:\\Users\\CyberJunkie\\AppData\\Roaming\\Photo and Fax Vn\\Photo and vn 1.1.2\\install\\F97891C\\TempFolder\\~.pdf""},{""@Name"":""Hashes"",""#text"":""SHA1=F93D54BC3E20316DD9B596D4EB0FE22BD9F1D4D8,MD5=E3B54910AAE9324A7D56E5B22044104E,SHA256=01FA678A302763B83703F0449FC63309CF7677FC119D2755DEFAD6DEA9D25BCD,IMPHASH=00000000000000000000000000000000""},{""@Name"":""IsExecutable"",""#text"":""False""},{""@Name"":""Archived"",""#text"":""true""}]}}"
150,118896,2024-02-14 03:41:58.7376262,23,Info,Microsoft-Windows-Sysmon,Microsoft-Windows-Sysmon/Operational,3028,4412,DESKTOP-887GK2L,2,S-1-5-18,FileDelete (A file delete was detected),DESKTOP-887GK2L\CyberJunkie,,"ProcessID: 10672, ProcessGUID: 817bddf3-3684-65cc-2d02-000000001900",RuleName: Scripts and payloads,"SHA1=FC8D881BF7B13DF8E7BF31B6F811F53C44F8336D,MD5=B9B8C2AD3F16DD1EE7518B5B4ED165B1,SHA256=C2AB7B8701BDC36198A8F01791C8A3479EF3E8BCC6CCD3BD8C2F60DD9672E8E1,IMPHASH=00000000000000000000000000000000",TargetFilename: C:\Users\CyberJunkie\AppData\Roaming\Photo and Fax Vn\Photo and vn 1.1.2\install\F97891C\WindowsVolume\Games\c.cmd,IsExecutable: False,Archived: true,C:\Users\CyberJunkie\Downloads\Preventivo24.02.14.exe.exe,False,C:\DFIR\Cases\unit42\Microsoft-Windows-Sysmon-Operational.evtx,Classic,0,"{""EventData"":{""Data"":[{""@Name"":""RuleName"",""#text"":""Scripts and payloads""},{""@Name"":""UtcTime"",""#text"":""2024-02-14 03:41:58.733""},{""@Name"":""ProcessGuid"",""#text"":""817bddf3-3684-65cc-2d02-000000001900""},{""@Name"":""ProcessId"",""#text"":""10672""},{""@Name"":""User"",""#text"":""DESKTOP-887GK2L\\CyberJunkie""},{""@Name"":""Image"",""#text"":""C:\\Users\\CyberJunkie\\Downloads\\Preventivo24.02.14.exe.exe""},{""@Name"":""TargetFilename"",""#text"":""C:\\Users\\CyberJunkie\\AppData\\Roaming\\Photo and Fax Vn\\Photo and vn 1.1.2\\install\\F97891C\\WindowsVolume\\Games\\c.cmd""},{""@Name"":""Hashes"",""#text"":""SHA1=FC8D881BF7B13DF8E7BF31B6F811F53C44F8336D,MD5=B9B8C2AD3F16DD1EE7518B5B4ED165B1,SHA256=C2AB7B8701BDC36198A8F01791C8A3479EF3E8BCC6CCD3BD8C2F60DD9672E8E1,IMPHASH=00000000000000000000000000000000""},{""@Name"":""IsExecutable"",""#text"":""False""},{""@Name"":""Archived"",""#text"":""true""}]}}"
151,118897,2024-02-14 03:41:58.7388206,23,Info,Microsoft-Windows-Sysmon,Microsoft-Windows-Sysmon/Operational,3028,4412,DESKTOP-887GK2L,2,S-1-5-18,FileDelete (A file delete was detected),DESKTOP-887GK2L\CyberJunkie,,"ProcessID: 10672, ProcessGUID: 817bddf3-3684-65cc-2d02-000000001900",RuleName: Scripts and payloads,"SHA1=FC90A4B0428DF537ED3FEE1A1B2E25C3C2A07D5A,MD5=76147E456F8F392405B1FBAC4F315A30,SHA256=D69E739F18BD24DB5CFD451FB2BDAB32B4EFEEF41145B75CB89C7DC56641852D,IMPHASH=00000000000000000000000000000000",TargetFilename: C:\Users\CyberJunkie\AppData\Roaming\Photo and Fax Vn\Photo and vn 1.1.2\install\F97891C\WindowsVolume\Games\cmmc.cmd,IsExecutable: False,Archived: true,C:\Users\CyberJunkie\Downloads\Preventivo24.02.14.exe.exe,False,C:\DFIR\Cases\unit42\Microsoft-Windows-Sysmon-Operational.evtx,Classic,0,"{""EventData"":{""Data"":[{""@Name"":""RuleName"",""#text"":""Scripts and payloads""},{""@Name"":""UtcTime"",""#text"":""2024-02-14 03:41:58.733""},{""@Name"":""ProcessGuid"",""#text"":""817bddf3-3684-65cc-2d02-000000001900""},{""@Name"":""ProcessId"",""#text"":""10672""},{""@Name"":""User"",""#text"":""DESKTOP-887GK2L\\CyberJunkie""},{""@Name"":""Image"",""#text"":""C:\\Users\\CyberJunkie\\Downloads\\Preventivo24.02.14.exe.exe""},{""@Name"":""TargetFilename"",""#text"":""C:\\Users\\CyberJunkie\\AppData\\Roaming\\Photo and Fax Vn\\Photo and vn 1.1.2\\install\\F97891C\\WindowsVolume\\Games\\cmmc.cmd""},{""@Name"":""Hashes"",""#text"":""SHA1=FC90A4B0428DF537ED3FEE1A1B2E25C3C2A07D5A,MD5=76147E456F8F392405B1FBAC4F315A30,SHA256=D69E739F18BD24DB5CFD451FB2BDAB32B4EFEEF41145B75CB89C7DC56641852D,IMPHASH=00000000000000000000000000000000""},{""@Name"":""IsExecutable"",""#text"":""False""},{""@Name"":""Archived"",""#text"":""true""}]}}"
152,118898,2024-02-14 03:41:58.7405359,23,Info,Microsoft-Windows-Sysmon,Microsoft-Windows-Sysmon/Operational,3028,4412,DESKTOP-887GK2L,2,S-1-5-18,FileDelete (A file delete was detected),DESKTOP-887GK2L\CyberJunkie,,"ProcessID: 10672, ProcessGUID: 817bddf3-3684-65cc-2d02-000000001900",RuleName: Executables,"SHA1=E3A30BC84D733ED907A2CBBFC3F5E16900A5B2CE,MD5=1D34EBEE7F7B9966DC449388438E80D5,SHA256=0D44439A0425DF8ABF338BD1496679A144DD705A51832A05C1A4ED1F76756EBA,IMPHASH=468470EEAE49DF9D49455D0FA0C02FD0",TargetFilename: C:\Users\CyberJunkie\AppData\Roaming\Photo and Fax Vn\Photo and vn 1.1.2\install\F97891C\WindowsVolume\Games\ddengine.dll,IsExecutable: True,Archived: true,C:\Users\CyberJunkie\Downloads\Preventivo24.02.14.exe.exe,False,C:\DFIR\Cases\unit42\Microsoft-Windows-Sysmon-Operational.evtx,Classic,0,"{""EventData"":{""Data"":[{""@Name"":""RuleName"",""#text"":""Executables""},{""@Name"":""UtcTime"",""#text"":""2024-02-14 03:41:58.733""},{""@Name"":""ProcessGuid"",""#text"":""817bddf3-3684-65cc-2d02-000000001900""},{""@Name"":""ProcessId"",""#text"":""10672""},{""@Name"":""User"",""#text"":""DESKTOP-887GK2L\\CyberJunkie""},{""@Name"":""Image"",""#text"":""C:\\Users\\CyberJunkie\\Downloads\\Preventivo24.02.14.exe.exe""},{""@Name"":""TargetFilename"",""#text"":""C:\\Users\\CyberJunkie\\AppData\\Roaming\\Photo and Fax Vn\\Photo and vn 1.1.2\\install\\F97891C\\WindowsVolume\\Games\\ddengine.dll""},{""@Name"":""Hashes"",""#text"":""SHA1=E3A30BC84D733ED907A2CBBFC3F5E16900A5B2CE,MD5=1D34EBEE7F7B9966DC449388438E80D5,SHA256=0D44439A0425DF8ABF338BD1496679A144DD705A51832A05C1A4ED1F76756EBA,IMPHASH=468470EEAE49DF9D49455D0FA0C02FD0""},{""@Name"":""IsExecutable"",""#text"":""True""},{""@Name"":""Archived"",""#text"":""true""}]}}"
153,118899,2024-02-14 03:41:58.7413062,23,Info,Microsoft-Windows-Sysmon,Microsoft-Windows-Sysmon/Operational,3028,4412,DESKTOP-887GK2L,2,S-1-5-18,FileDelete (A file delete was detected),DESKTOP-887GK2L\CyberJunkie,,"ProcessID: 10672, ProcessGUID: 817bddf3-3684-65cc-2d02-000000001900",RuleName: Scripts and payloads,"SHA1=9C1790DB6B9CBD9C5BF2B12B8FBCF6A342A6FD3A,MD5=FD877AE342E4E8B246D11700EB90B23D,SHA256=1CE4768F825372D55C1D30CE3AC41AFB913DE6299A64AE5B0AC1B3B752421D64,IMPHASH=00000000000000000000000000000000",TargetFilename: C:\Users\CyberJunkie\AppData\Roaming\Photo and Fax Vn\Photo and vn 1.1.2\install\F97891C\WindowsVolume\Games\on.cmd,IsExecutable: False,Archived: true,C:\Users\CyberJunkie\Downloads\Preventivo24.02.14.exe.exe,False,C:\DFIR\Cases\unit42\Microsoft-Windows-Sysmon-Operational.evtx,Classic,0,"{""EventData"":{""Data"":[{""@Name"":""RuleName"",""#text"":""Scripts and payloads""},{""@Name"":""UtcTime"",""#text"":""2024-02-14 03:41:58.733""},{""@Name"":""ProcessGuid"",""#text"":""817bddf3-3684-65cc-2d02-000000001900""},{""@Name"":""ProcessId"",""#text"":""10672""},{""@Name"":""User"",""#text"":""DESKTOP-887GK2L\\CyberJunkie""},{""@Name"":""Image"",""#text"":""C:\\Users\\CyberJunkie\\Downloads\\Preventivo24.02.14.exe.exe""},{""@Name"":""TargetFilename"",""#text"":""C:\\Users\\CyberJunkie\\AppData\\Roaming\\Photo and Fax Vn\\Photo and vn 1.1.2\\install\\F97891C\\WindowsVolume\\Games\\on.cmd""},{""@Name"":""Hashes"",""#text"":""SHA1=9C1790DB6B9CBD9C5BF2B12B8FBCF6A342A6FD3A,MD5=FD877AE342E4E8B246D11700EB90B23D,SHA256=1CE4768F825372D55C1D30CE3AC41AFB913DE6299A64AE5B0AC1B3B752421D64,IMPHASH=00000000000000000000000000000000""},{""@Name"":""IsExecutable"",""#text"":""False""},{""@Name"":""Archived"",""#text"":""true""}]}}"
154,118900,2024-02-14 03:41:58.7418264,23,Info,Microsoft-Windows-Sysmon,Microsoft-Windows-Sysmon/Operational,3028,4412,DESKTOP-887GK2L,2,S-1-5-18,FileDelete (A file delete was detected),DESKTOP-887GK2L\CyberJunkie,,"ProcessID: 10672, ProcessGUID: 817bddf3-3684-65cc-2d02-000000001900",RuleName: Scripts and payloads,"SHA1=DE3AC21778E51DE199438300E1A9F816C618D33A,MD5=F24F62EEB789199B9B2E467DF3B1876B,SHA256=E596899F114B5162402325DFB31FDAA792FABED718628336CC7A35A24F38EAA9,IMPHASH=00000000000000000000000000000000",TargetFilename: C:\Users\CyberJunkie\AppData\Roaming\Photo and Fax Vn\Photo and vn 1.1.2\install\F97891C\WindowsVolume\Games\once.cmd,IsExecutable: False,Archived: false - shredded file with pattern 0x74697865,C:\Users\CyberJunkie\Downloads\Preventivo24.02.14.exe.exe,False,C:\DFIR\Cases\unit42\Microsoft-Windows-Sysmon-Operational.evtx,Classic,0,"{""EventData"":{""Data"":[{""@Name"":""RuleName"",""#text"":""Scripts and payloads""},{""@Name"":""UtcTime"",""#text"":""2024-02-14 03:41:58.733""},{""@Name"":""ProcessGuid"",""#text"":""817bddf3-3684-65cc-2d02-000000001900""},{""@Name"":""ProcessId"",""#text"":""10672""},{""@Name"":""User"",""#text"":""DESKTOP-887GK2L\\CyberJunkie""},{""@Name"":""Image"",""#text"":""C:\\Users\\CyberJunkie\\Downloads\\Preventivo24.02.14.exe.exe""},{""@Name"":""TargetFilename"",""#text"":""C:\\Users\\CyberJunkie\\AppData\\Roaming\\Photo and Fax Vn\\Photo and vn 1.1.2\\install\\F97891C\\WindowsVolume\\Games\\once.cmd""},{""@Name"":""Hashes"",""#text"":""SHA1=DE3AC21778E51DE199438300E1A9F816C618D33A,MD5=F24F62EEB789199B9B2E467DF3B1876B,SHA256=E596899F114B5162402325DFB31FDAA792FABED718628336CC7A35A24F38EAA9,IMPHASH=00000000000000000000000000000000""},{""@Name"":""IsExecutable"",""#text"":""False""},{""@Name"":""Archived"",""#text"":""false - shredded file with pattern 0x74697865""}]}}"
155,118901,2024-02-14 03:41:58.7460338,23,Info,Microsoft-Windows-Sysmon,Microsoft-Windows-Sysmon/Operational,3028,4412,DESKTOP-887GK2L,2,S-1-5-18,FileDelete (A file delete was detected),DESKTOP-887GK2L\CyberJunkie,,"ProcessID: 10672, ProcessGUID: 817bddf3-3684-65cc-2d02-000000001900",RuleName: other interesting files,"SHA1=A7A73BD177B58847F42DAE48DA443E33482DD337,MD5=AA6C669C39D9BE8B6289F10DAAFBA6F3,SHA256=C5BF02C8C23DBF8798D87FAD91EA44A3153FC1026248BD931F360BA0D6C5989E,IMPHASH=00000000000000000000000000000000",TargetFilename: C:\Users\CyberJunkie\AppData\Roaming\Photo and Fax Vn\Photo and vn 1.1.2\install\F97891C\WindowsVolume\Games\powercfg.msi,IsExecutable: False,Archived: true,C:\Users\CyberJunkie\Downloads\Preventivo24.02.14.exe.exe,False,C:\DFIR\Cases\unit42\Microsoft-Windows-Sysmon-Operational.evtx,Classic,0,"{""EventData"":{""Data"":[{""@Name"":""RuleName"",""#text"":""other interesting files""},{""@Name"":""UtcTime"",""#text"":""2024-02-14 03:41:58.733""},{""@Name"":""ProcessGuid"",""#text"":""817bddf3-3684-65cc-2d02-000000001900""},{""@Name"":""ProcessId"",""#text"":""10672""},{""@Name"":""User"",""#text"":""DESKTOP-887GK2L\\CyberJunkie""},{""@Name"":""Image"",""#text"":""C:\\Users\\CyberJunkie\\Downloads\\Preventivo24.02.14.exe.exe""},{""@Name"":""TargetFilename"",""#text"":""C:\\Users\\CyberJunkie\\AppData\\Roaming\\Photo and Fax Vn\\Photo and vn 1.1.2\\install\\F97891C\\WindowsVolume\\Games\\powercfg.msi""},{""@Name"":""Hashes"",""#text"":""SHA1=A7A73BD177B58847F42DAE48DA443E33482DD337,MD5=AA6C669C39D9BE8B6289F10DAAFBA6F3,SHA256=C5BF02C8C23DBF8798D87FAD91EA44A3153FC1026248BD931F360BA0D6C5989E,IMPHASH=00000000000000000000000000000000""},{""@Name"":""IsExecutable"",""#text"":""False""},{""@Name"":""Archived"",""#text"":""true""}]}}"
156,118902,2024-02-14 03:41:58.7562220,23,Info,Microsoft-Windows-Sysmon,Microsoft-Windows-Sysmon/Operational,3028,4412,DESKTOP-887GK2L,2,S-1-5-18,FileDelete (A file delete was detected),DESKTOP-887GK2L\CyberJunkie,,"ProcessID: 10672, ProcessGUID: 817bddf3-3684-65cc-2d02-000000001900",RuleName: Executables,"SHA1=6F3E790D8E42A7C1655C37A64852BAB9EEAADCEE,MD5=663FE548A57BBD487144EC8226A7A549,SHA256=3FB38EEFB8DB4D52BE428FACC8A242997AB2AD58A8D08980A7688C9BF0B30454,IMPHASH=E17D69C6298036078D46D8E30D522921",TargetFilename: C:\Users\CyberJunkie\AppData\Roaming\Photo and Fax Vn\Photo and vn 1.1.2\install\F97891C\WindowsVolume\Games\taskhost.exe,IsExecutable: True,Archived: true,C:\Users\CyberJunkie\Downloads\Preventivo24.02.14.exe.exe,False,C:\DFIR\Cases\unit42\Microsoft-Windows-Sysmon-Operational.evtx,Classic,0,"{""EventData"":{""Data"":[{""@Name"":""RuleName"",""#text"":""Executables""},{""@Name"":""UtcTime"",""#text"":""2024-02-14 03:41:58.748""},{""@Name"":""ProcessGuid"",""#text"":""817bddf3-3684-65cc-2d02-000000001900""},{""@Name"":""ProcessId"",""#text"":""10672""},{""@Name"":""User"",""#text"":""DESKTOP-887GK2L\\CyberJunkie""},{""@Name"":""Image"",""#text"":""C:\\Users\\CyberJunkie\\Downloads\\Preventivo24.02.14.exe.exe""},{""@Name"":""TargetFilename"",""#text"":""C:\\Users\\CyberJunkie\\AppData\\Roaming\\Photo and Fax Vn\\Photo and vn 1.1.2\\install\\F97891C\\WindowsVolume\\Games\\taskhost.exe""},{""@Name"":""Hashes"",""#text"":""SHA1=6F3E790D8E42A7C1655C37A64852BAB9EEAADCEE,MD5=663FE548A57BBD487144EC8226A7A549,SHA256=3FB38EEFB8DB4D52BE428FACC8A242997AB2AD58A8D08980A7688C9BF0B30454,IMPHASH=E17D69C6298036078D46D8E30D522921""},{""@Name"":""IsExecutable"",""#text"":""True""},{""@Name"":""Archived"",""#text"":""true""}]}}"
157,118903,2024-02-14 03:41:58.7588344,23,Info,Microsoft-Windows-Sysmon,Microsoft-Windows-Sysmon/Operational,3028,4412,DESKTOP-887GK2L,2,S-1-5-18,FileDelete (A file delete was detected),DESKTOP-887GK2L\CyberJunkie,,"ProcessID: 10672, ProcessGUID: 817bddf3-3684-65cc-2d02-000000001900",RuleName: Executables,"SHA1=644D473097112A48338202A418911716AAC5B9D8,MD5=E818AB67C68E3EE621A8888FBBF2F266,SHA256=FF9D8F7FC2C3F5D0AFAF6F76E87D41FEEABF54FACBE26DC59661A78830F32972,IMPHASH=99B1C563DEA009BEF9B7DD9F16A80DC9",TargetFilename: C:\Users\CyberJunkie\AppData\Roaming\Photo and Fax Vn\Photo and vn 1.1.2\install\F97891C\WindowsVolume\Games\UVncVirtualDisplay\UVncVirtualDisplay.dll,IsExecutable: True,Archived: true,C:\Users\CyberJunkie\Downloads\Preventivo24.02.14.exe.exe,False,C:\DFIR\Cases\unit42\Microsoft-Windows-Sysmon-Operational.evtx,Classic,0,"{""EventData"":{""Data"":[{""@Name"":""RuleName"",""#text"":""Executables""},{""@Name"":""UtcTime"",""#text"":""2024-02-14 03:41:58.748""},{""@Name"":""ProcessGuid"",""#text"":""817bddf3-3684-65cc-2d02-000000001900""},{""@Name"":""ProcessId"",""#text"":""10672""},{""@Name"":""User"",""#text"":""DESKTOP-887GK2L\\CyberJunkie""},{""@Name"":""Image"",""#text"":""C:\\Users\\CyberJunkie\\Downloads\\Preventivo24.02.14.exe.exe""},{""@Name"":""TargetFilename"",""#text"":""C:\\Users\\CyberJunkie\\AppData\\Roaming\\Photo and Fax Vn\\Photo and vn 1.1.2\\install\\F97891C\\WindowsVolume\\Games\\UVncVirtualDisplay\\UVncVirtualDisplay.dll""},{""@Name"":""Hashes"",""#text"":""SHA1=644D473097112A48338202A418911716AAC5B9D8,MD5=E818AB67C68E3EE621A8888FBBF2F266,SHA256=FF9D8F7FC2C3F5D0AFAF6F76E87D41FEEABF54FACBE26DC59661A78830F32972,IMPHASH=99B1C563DEA009BEF9B7DD9F16A80DC9""},{""@Name"":""IsExecutable"",""#text"":""True""},{""@Name"":""Archived"",""#text"":""true""}]}}"
158,118904,2024-02-14 03:41:58.7622490,23,Info,Microsoft-Windows-Sysmon,Microsoft-Windows-Sysmon/Operational,3028,4412,DESKTOP-887GK2L,2,S-1-5-18,FileDelete (A file delete was detected),DESKTOP-887GK2L\CyberJunkie,,"ProcessID: 10672, ProcessGUID: 817bddf3-3684-65cc-2d02-000000001900",RuleName: Executables,"SHA1=8172071A639681934D3DC77189EB88A04C8BCFAC,MD5=29ED7D64CE8003C0139CCCB04D9AF7F0,SHA256=E48AAC5148B261371C714B9E00268809832E4F82D23748E44F5CFBBF20CA3D3F,IMPHASH=8AC12C005CCBDB38AAA8071E1F1ADD70",TargetFilename: C:\Users\CyberJunkie\AppData\Roaming\Photo and Fax Vn\Photo and vn 1.1.2\install\F97891C\WindowsVolume\Games\viewer.exe,IsExecutable: True,Archived: true,C:\Users\CyberJunkie\Downloads\Preventivo24.02.14.exe.exe,False,C:\DFIR\Cases\unit42\Microsoft-Windows-Sysmon-Operational.evtx,Classic,0,"{""EventData"":{""Data"":[{""@Name"":""RuleName"",""#text"":""Executables""},{""@Name"":""UtcTime"",""#text"":""2024-02-14 03:41:58.748""},{""@Name"":""ProcessGuid"",""#text"":""817bddf3-3684-65cc-2d02-000000001900""},{""@Name"":""ProcessId"",""#text"":""10672""},{""@Name"":""User"",""#text"":""DESKTOP-887GK2L\\CyberJunkie""},{""@Name"":""Image"",""#text"":""C:\\Users\\CyberJunkie\\Downloads\\Preventivo24.02.14.exe.exe""},{""@Name"":""TargetFilename"",""#text"":""C:\\Users\\CyberJunkie\\AppData\\Roaming\\Photo and Fax Vn\\Photo and vn 1.1.2\\install\\F97891C\\WindowsVolume\\Games\\viewer.exe""},{""@Name"":""Hashes"",""#text"":""SHA1=8172071A639681934D3DC77189EB88A04C8BCFAC,MD5=29ED7D64CE8003C0139CCCB04D9AF7F0,SHA256=E48AAC5148B261371C714B9E00268809832E4F82D23748E44F5CFBBF20CA3D3F,IMPHASH=8AC12C005CCBDB38AAA8071E1F1ADD70""},{""@Name"":""IsExecutable"",""#text"":""True""},{""@Name"":""Archived"",""#text"":""true""}]}}"
159,118905,2024-02-14 03:41:58.7636081,23,Info,Microsoft-Windows-Sysmon,Microsoft-Windows-Sysmon/Operational,3028,4412,DESKTOP-887GK2L,2,S-1-5-18,FileDelete (A file delete was detected),DESKTOP-887GK2L\CyberJunkie,,"ProcessID: 10672, ProcessGUID: 817bddf3-3684-65cc-2d02-000000001900",RuleName: Executables,"SHA1=A8F96C8708E0BD23FC9F0B959C49863080A188DD,MD5=7065625D4F5E1730EADE5A9B4B5A6948,SHA256=4D12FEBD622266220AA2DD2074972EE82545C144DC599F68866212A29DB9F442,IMPHASH=EF1E9DDE52DC9EAC6CA5A709346FB484",TargetFilename: C:\Users\CyberJunkie\AppData\Roaming\Photo and Fax Vn\Photo and vn 1.1.2\install\F97891C\WindowsVolume\Games\vnchooks.dll,IsExecutable: True,Archived: true,C:\Users\CyberJunkie\Downloads\Preventivo24.02.14.exe.exe,False,C:\DFIR\Cases\unit42\Microsoft-Windows-Sysmon-Operational.evtx,Classic,0,"{""EventData"":{""Data"":[{""@Name"":""RuleName"",""#text"":""Executables""},{""@Name"":""UtcTime"",""#text"":""2024-02-14 03:41:58.748""},{""@Name"":""ProcessGuid"",""#text"":""817bddf3-3684-65cc-2d02-000000001900""},{""@Name"":""ProcessId"",""#text"":""10672""},{""@Name"":""User"",""#text"":""DESKTOP-887GK2L\\CyberJunkie""},{""@Name"":""Image"",""#text"":""C:\\Users\\CyberJunkie\\Downloads\\Preventivo24.02.14.exe.exe""},{""@Name"":""TargetFilename"",""#text"":""C:\\Users\\CyberJunkie\\AppData\\Roaming\\Photo and Fax Vn\\Photo and vn 1.1.2\\install\\F97891C\\WindowsVolume\\Games\\vnchooks.dll""},{""@Name"":""Hashes"",""#text"":""SHA1=A8F96C8708E0BD23FC9F0B959C49863080A188DD,MD5=7065625D4F5E1730EADE5A9B4B5A6948,SHA256=4D12FEBD622266220AA2DD2074972EE82545C144DC599F68866212A29DB9F442,IMPHASH=EF1E9DDE52DC9EAC6CA5A709346FB484""},{""@Name"":""IsExecutable"",""#text"":""True""},{""@Name"":""Archived"",""#text"":""true""}]}}"
160,118906,2024-02-14 03:41:58.7648370,22,Info,Microsoft-Windows-Sysmon,Microsoft-Windows-Sysmon/Operational,3028,4452,DESKTOP-887GK2L,2,S-1-5-18,DNSEvent (DNS query),DESKTOP-887GK2L\CyberJunkie,,"ProcessID: 10672, ProcessGUID: 817bddf3-3684-65cc-2d02-000000001900",RuleName: -,Image: C:\Users\CyberJunkie\Downloads\Preventivo24.02.14.exe.exe,QueryName: www.example.com,QueryStatus: 0,QueryResults: ::ffff:93.184.216.34;199.43.135.53;2001:500:8f::53;199.43.133.53;2001:500:8d::53;,,False,C:\DFIR\Cases\unit42\Microsoft-Windows-Sysmon-Operational.evtx,Classic,0,"{""EventData"":{""Data"":[{""@Name"":""RuleName"",""#text"":""-""},{""@Name"":""UtcTime"",""#text"":""2024-02-14 03:41:56.955""},{""@Name"":""ProcessGuid"",""#text"":""817bddf3-3684-65cc-2d02-000000001900""},{""@Name"":""ProcessId"",""#text"":""10672""},{""@Name"":""QueryName"",""#text"":""www.example.com""},{""@Name"":""QueryStatus"",""#text"":""0""},{""@Name"":""QueryResults"",""#text"":""::ffff:93.184.216.34;199.43.135.53;2001:500:8f::53;199.43.133.53;2001:500:8d::53;""},{""@Name"":""Image"",""#text"":""C:\\Users\\CyberJunkie\\Downloads\\Preventivo24.02.14.exe.exe""},{""@Name"":""User"",""#text"":""DESKTOP-887GK2L\\CyberJunkie""}]}}"
161,118907,2024-02-14 03:41:58.7996518,5,Info,Microsoft-Windows-Sysmon,Microsoft-Windows-Sysmon/Operational,3028,4412,DESKTOP-887GK2L,2,S-1-5-18,Process terminated,DESKTOP-887GK2L\CyberJunkie,,"ProcessID: 10672, ProcessGUID: 817bddf3-3684-65cc-2d02-000000001900",,,,,,C:\Users\CyberJunkie\Downloads\Preventivo24.02.14.exe.exe,False,C:\DFIR\Cases\unit42\Microsoft-Windows-Sysmon-Operational.evtx,Classic,0,"{""EventData"":{""Data"":[{""@Name"":""RuleName"",""#text"":""-""},{""@Name"":""UtcTime"",""#text"":""2024-02-14 03:41:58.795""},{""@Name"":""ProcessGuid"",""#text"":""817bddf3-3684-65cc-2d02-000000001900""},{""@Name"":""ProcessId"",""#text"":""10672""},{""@Name"":""Image"",""#text"":""C:\\Users\\CyberJunkie\\Downloads\\Preventivo24.02.14.exe.exe""},{""@Name"":""User"",""#text"":""DESKTOP-887GK2L\\CyberJunkie""}]}}"
162,118908,2024-02-14 03:41:58.7999157,13,Info,Microsoft-Windows-Sysmon,Microsoft-Windows-Sysmon/Operational,3028,4412,DESKTOP-887GK2L,2,S-1-5-18,RegistryEvent (Value Set),DESKTOP-887GK2L\CyberJunkie,,"ProcessID: 10672, ProcessGUID: 817bddf3-3684-65cc-2d02-000000001900","RuleName: technique_id=T1543,technique_name=Service Creation",Image: C:\Users\CyberJunkie\Downloads\Preventivo24.02.14.exe.exe,EventType: SetValue,TargetObject: HKLM\System\CurrentControlSet\Services\bam\State\UserSettings\S-1-5-21-3393683511-3463148672-371912004-1001\\Device\HarddiskVolume3\Users\CyberJunkie\Downloads\Preventivo24.02.14.exe.exe,Details: Binary Data,,False,C:\DFIR\Cases\unit42\Microsoft-Windows-Sysmon-Operational.evtx,Classic,0,"{""EventData"":{""Data"":[{""@Name"":""RuleName"",""#text"":""technique_id=T1543,technique_name=Service Creation""},{""@Name"":""EventType"",""#text"":""SetValue""},{""@Name"":""UtcTime"",""#text"":""2024-02-14 03:41:58.795""},{""@Name"":""ProcessGuid"",""#text"":""817bddf3-3684-65cc-2d02-000000001900""},{""@Name"":""ProcessId"",""#text"":""10672""},{""@Name"":""Image"",""#text"":""C:\\Users\\CyberJunkie\\Downloads\\Preventivo24.02.14.exe.exe""},{""@Name"":""TargetObject"",""#text"":""HKLM\\System\\CurrentControlSet\\Services\\bam\\State\\UserSettings\\S-1-5-21-3393683511-3463148672-371912004-1001\\\\Device\\HarddiskVolume3\\Users\\CyberJunkie\\Downloads\\Preventivo24.02.14.exe.exe""},{""@Name"":""Details"",""#text"":""Binary Data""},{""@Name"":""User"",""#text"":""DESKTOP-887GK2L\\CyberJunkie""}]}}"
163,118909,2024-02-14 03:41:58.8027146,11,Info,Microsoft-Windows-Sysmon,Microsoft-Windows-Sysmon/Operational,3028,4412,DESKTOP-887GK2L,2,S-1-5-18,FileCreate,NT AUTHORITY\SYSTEM,,"ProcessID: 1668, ProcessGUID: 817bddf3-307d-65cc-2200-000000001900","RuleName: technique_id=T1574.010,technique_name=Services File Permissions Weakness",Image: C:\Windows\system32\svchost.exe,TargetFilename: C:\Windows\Prefetch\PREVENTIVO24.02.14.EXE.EXE-74B3D8B7.pf,,,,False,C:\DFIR\Cases\unit42\Microsoft-Windows-Sysmon-Operational.evtx,Classic,0,"{""EventData"":{""Data"":[{""@Name"":""RuleName"",""#text"":""technique_id=T1574.010,technique_name=Services File Permissions Weakness""},{""@Name"":""UtcTime"",""#text"":""2024-02-14 03:41:58.795""},{""@Name"":""ProcessGuid"",""#text"":""817bddf3-307d-65cc-2200-000000001900""},{""@Name"":""ProcessId"",""#text"":""1668""},{""@Name"":""Image"",""#text"":""C:\\Windows\\system32\\svchost.exe""},{""@Name"":""TargetFilename"",""#text"":""C:\\Windows\\Prefetch\\PREVENTIVO24.02.14.EXE.EXE-74B3D8B7.pf""},{""@Name"":""CreationUtcTime"",""#text"":""2024-02-14 03:41:58.795""},{""@Name"":""User"",""#text"":""NT AUTHORITY\\SYSTEM""}]}}"
164,118910,2024-02-14 03:41:58.9054838,3,Info,Microsoft-Windows-Sysmon,Microsoft-Windows-Sysmon/Operational,3028,4424,DESKTOP-887GK2L,2,S-1-5-18,Network connection,DESKTOP-887GK2L\CyberJunkie,,"ProcessID: 10672, ProcessGUID: 817bddf3-3684-65cc-2d02-000000001900","RuleName: technique_id=T1036,technique_name=Masquerading",SourceHostname: -,SourceIp: 172.17.79.132,DestinationHostname: -,DestinationIp: 93.184.216.34,C:\Users\CyberJunkie\Downloads\Preventivo24.02.14.exe.exe,False,C:\DFIR\Cases\unit42\Microsoft-Windows-Sysmon-Operational.evtx,Classic,0,"{""EventData"":{""Data"":[{""@Name"":""RuleName"",""#text"":""technique_id=T1036,technique_name=Masquerading""},{""@Name"":""UtcTime"",""#text"":""2024-02-14 03:41:57.159""},{""@Name"":""ProcessGuid"",""#text"":""817bddf3-3684-65cc-2d02-000000001900""},{""@Name"":""ProcessId"",""#text"":""10672""},{""@Name"":""Image"",""#text"":""C:\\Users\\CyberJunkie\\Downloads\\Preventivo24.02.14.exe.exe""},{""@Name"":""User"",""#text"":""DESKTOP-887GK2L\\CyberJunkie""},{""@Name"":""Protocol"",""#text"":""tcp""},{""@Name"":""Initiated"",""#text"":""True""},{""@Name"":""SourceIsIpv6"",""#text"":""False""},{""@Name"":""SourceIp"",""#text"":""172.17.79.132""},{""@Name"":""SourceHostname"",""#text"":""-""},{""@Name"":""SourcePort"",""#text"":""61177""},{""@Name"":""SourcePortName"",""#text"":""-""},{""@Name"":""DestinationIsIpv6"",""#text"":""False""},{""@Name"":""DestinationIp"",""#text"":""93.184.216.34""},{""@Name"":""DestinationHostname"",""#text"":""-""},{""@Name"":""DestinationPort"",""#text"":""80""},{""@Name"":""DestinationPortName"",""#text"":""-""}]}}"
165,118911,2024-02-14 03:42:05.7368315,11,Info,Microsoft-Windows-Sysmon,Microsoft-Windows-Sysmon/Operational,3028,4412,DESKTOP-887GK2L,2,S-1-5-18,FileCreate,NT AUTHORITY\SYSTEM,,"ProcessID: 1668, ProcessGUID: 817bddf3-307d-65cc-2200-000000001900","RuleName: technique_id=T1574.010,technique_name=Services File Permissions Weakness",Image: C:\Windows\system32\svchost.exe,TargetFilename: C:\Windows\Prefetch\SMARTSCREEN.EXE-EACC1250.pf,,,,False,C:\DFIR\Cases\unit42\Microsoft-Windows-Sysmon-Operational.evtx,Classic,0,"{""EventData"":{""Data"":[{""@Name"":""RuleName"",""#text"":""technique_id=T1574.010,technique_name=Services File Permissions Weakness""},{""@Name"":""UtcTime"",""#text"":""2024-02-14 03:42:05.734""},{""@Name"":""ProcessGuid"",""#text"":""817bddf3-307d-65cc-2200-000000001900""},{""@Name"":""ProcessId"",""#text"":""1668""},{""@Name"":""Image"",""#text"":""C:\\Windows\\system32\\svchost.exe""},{""@Name"":""TargetFilename"",""#text"":""C:\\Windows\\Prefetch\\SMARTSCREEN.EXE-EACC1250.pf""},{""@Name"":""CreationUtcTime"",""#text"":""2023-02-01 00:54:29.008""},{""@Name"":""User"",""#text"":""NT AUTHORITY\\SYSTEM""}]}}"
166,118912,2024-02-14 03:42:07.7223168,11,Info,Microsoft-Windows-Sysmon,Microsoft-Windows-Sysmon/Operational,3028,4412,DESKTOP-887GK2L,2,S-1-5-18,FileCreate,NT AUTHORITY\SYSTEM,,"ProcessID: 1668, ProcessGUID: 817bddf3-307d-65cc-2200-000000001900","RuleName: technique_id=T1574.010,technique_name=Services File Permissions Weakness",Image: C:\Windows\system32\svchost.exe,TargetFilename: C:\Windows\Prefetch\MSIEXEC.EXE-8FFB1633.pf,,,,False,C:\DFIR\Cases\unit42\Microsoft-Windows-Sysmon-Operational.evtx,Classic,0,"{""EventData"":{""Data"":[{""@Name"":""RuleName"",""#text"":""technique_id=T1574.010,technique_name=Services File Permissions Weakness""},{""@Name"":""UtcTime"",""#text"":""2024-02-14 03:42:07.718""},{""@Name"":""ProcessGuid"",""#text"":""817bddf3-307d-65cc-2200-000000001900""},{""@Name"":""ProcessId"",""#text"":""1668""},{""@Name"":""Image"",""#text"":""C:\\Windows\\system32\\svchost.exe""},{""@Name"":""TargetFilename"",""#text"":""C:\\Windows\\Prefetch\\MSIEXEC.EXE-8FFB1633.pf""},{""@Name"":""CreationUtcTime"",""#text"":""2023-03-23 20:57:53.236""},{""@Name"":""User"",""#text"":""NT AUTHORITY\\SYSTEM""}]}}"
167,118913,2024-02-14 03:43:26.1942456,11,Info,Microsoft-Windows-Sysmon,Microsoft-Windows-Sysmon/Operational,3028,4412,DESKTOP-887GK2L,2,S-1-5-18,FileCreate,NT AUTHORITY\SYSTEM,,"ProcessID: 1668, ProcessGUID: 817bddf3-307d-65cc-2200-000000001900","RuleName: technique_id=T1574.010,technique_name=Services File Permissions Weakness",Image: C:\Windows\system32\svchost.exe,TargetFilename: C:\Windows\Prefetch\AUDIODG.EXE-AB22E9A6.pf,,,,False,C:\DFIR\Cases\unit42\Microsoft-Windows-Sysmon-Operational.evtx,Classic,0,"{""EventData"":{""Data"":[{""@Name"":""RuleName"",""#text"":""technique_id=T1574.010,technique_name=Services File Permissions Weakness""},{""@Name"":""UtcTime"",""#text"":""2024-02-14 03:43:26.192""},{""@Name"":""ProcessGuid"",""#text"":""817bddf3-307d-65cc-2200-000000001900""},{""@Name"":""ProcessId"",""#text"":""1668""},{""@Name"":""Image"",""#text"":""C:\\Windows\\system32\\svchost.exe""},{""@Name"":""TargetFilename"",""#text"":""C:\\Windows\\Prefetch\\AUDIODG.EXE-AB22E9A6.pf""},{""@Name"":""CreationUtcTime"",""#text"":""2023-02-01 00:44:18.791""},{""@Name"":""User"",""#text"":""NT AUTHORITY\\SYSTEM""}]}}"
168,118914,2024-02-14 03:43:26.8808170,11,Info,Microsoft-Windows-Sysmon,Microsoft-Windows-Sysmon/Operational,3028,4412,DESKTOP-887GK2L,2,S-1-5-18,FileCreate,DESKTOP-887GK2L\CyberJunkie,,"ProcessID: 6368, ProcessGUID: 817bddf3-312a-65cc-2901-000000001900",RuleName: -,Image: C:\Windows\system32\mmc.exe,TargetFilename: C:\Users\CyberJunkie\Desktop\Microsoft-Windows-Sysmon-Operational.evtx,,,,False,C:\DFIR\Cases\unit42\Microsoft-Windows-Sysmon-Operational.evtx,Classic,0,"{""EventData"":{""Data"":[{""@Name"":""RuleName"",""#text"":""-""},{""@Name"":""UtcTime"",""#text"":""2024-02-14 03:43:26.880""},{""@Name"":""ProcessGuid"",""#text"":""817bddf3-312a-65cc-2901-000000001900""},{""@Name"":""ProcessId"",""#text"":""6368""},{""@Name"":""Image"",""#text"":""C:\\Windows\\system32\\mmc.exe""},{""@Name"":""TargetFilename"",""#text"":""C:\\Users\\CyberJunkie\\Desktop\\Microsoft-Windows-Sysmon-Operational.evtx""},{""@Name"":""CreationUtcTime"",""#text"":""2024-02-14 03:43:26.880""},{""@Name"":""User"",""#text"":""DESKTOP-887GK2L\\CyberJunkie""}]}}"
169,118915,2024-02-14 03:43:26.8870662,12,Info,Microsoft-Windows-Sysmon,Microsoft-Windows-Sysmon/Operational,3028,4412,DESKTOP-887GK2L,2,S-1-5-18,RegistryEvent (Object create and delete),DESKTOP-887GK2L\CyberJunkie,,"ProcessID: 1116, ProcessGUID: 817bddf3-311f-65cc-0a01-000000001900","RuleName: technique_id=T1546.001,technique_name=Change Default File Association",Image: C:\Windows\Explorer.EXE,EventType: CreateKey,TargetObject: HKU\S-1-5-21-3393683511-3463148672-371912004-1001\Software\Microsoft\Windows\CurrentVersion\Explorer\FileExts\.evtx,,,False,C:\DFIR\Cases\unit42\Microsoft-Windows-Sysmon-Operational.evtx,Classic,0,"{""EventData"":{""Data"":[{""@Name"":""RuleName"",""#text"":""technique_id=T1546.001,technique_name=Change Default File Association""},{""@Name"":""EventType"",""#text"":""CreateKey""},{""@Name"":""UtcTime"",""#text"":""2024-02-14 03:43:26.880""},{""@Name"":""ProcessGuid"",""#text"":""817bddf3-311f-65cc-0a01-000000001900""},{""@Name"":""ProcessId"",""#text"":""1116""},{""@Name"":""Image"",""#text"":""C:\\Windows\\Explorer.EXE""},{""@Name"":""TargetObject"",""#text"":""HKU\\S-1-5-21-3393683511-3463148672-371912004-1001\\Software\\Microsoft\\Windows\\CurrentVersion\\Explorer\\FileExts\\.evtx""},{""@Name"":""User"",""#text"":""DESKTOP-887GK2L\\CyberJunkie""}]}}"
